#
# There is insufficient memory for the Java Runtime Environment to continue.
# Native memory allocation (malloc) failed to allocate 1081376 bytes for Chunk::new
# Possible reasons:
#   The system is out of physical RAM or swap space
#   The process is running with CompressedOops enabled, and the Java Heap may be blocking the growth of the native heap
# Possible solutions:
#   Reduce memory load on the system
#   Increase physical memory or swap space
#   Check if swap backing store is full
#   Decrease Java heap size (-Xmx/-Xms)
#   Decrease number of Java threads
#   Decrease Java thread stack sizes (-Xss)
#   Set larger code cache with -XX:ReservedCodeCacheSize=
#   JVM is running with Unscaled Compressed Oops mode in which the Java heap is
#     placed in the first 4GB address space. The Java Heap base address is the
#     maximum limit for the native heap growth. Please use -XX:HeapBaseMinAddress
#     to set the Java Heap base and to place the Java Heap above 4GB virtual address.
# This output file may be truncated or incomplete.
#
#  Out of Memory Error (./src/hotspot/share/memory/arena.cpp:197), pid=28280, tid=18324
#
# JRE version: OpenJDK Runtime Environment (11.0.11+9) (build 11.0.11+9-b60-7590822)
# Java VM: OpenJDK 64-Bit Server VM (11.0.11+9-b60-7590822, mixed mode, tiered, compressed oops, g1 gc, windows-amd64)
# No core dump will be written. Minidumps are not enabled by default on client versions of Windows
#

---------------  S U M M A R Y ------------

Command Line: --add-opens=java.base/java.util=ALL-UNNAMED --add-opens=java.base/java.lang=ALL-UNNAMED --add-opens=java.base/java.lang.invoke=ALL-UNNAMED --add-opens=java.base/java.util=ALL-UNNAMED --add-opens=java.prefs/java.util.prefs=ALL-UNNAMED --add-opens=java.prefs/java.util.prefs=ALL-UNNAMED --add-opens=java.base/java.nio.charset=ALL-UNNAMED --add-opens=java.base/java.net=ALL-UNNAMED --add-opens=java.base/java.util.concurrent.atomic=ALL-UNNAMED -Xmx2048m -Dfile.encoding=UTF-8 -Duser.country=SG -Duser.language=en -Duser.variant org.gradle.launcher.daemon.bootstrap.GradleDaemon 7.2

Host: Intel(R) Core(TM) i5-8250U CPU @ 1.60GHz, 8 cores, 11G,  Windows 10 , 64 bit Build 22000 (10.0.22000.708)
Time: Sun Jun 26 21:36:10 2022 Bangladesh Standard Time elapsed time: 258.742757 seconds (0d 0h 4m 18s)

---------------  T H R E A D  ---------------

Current thread (0x000001c52ab46800):  JavaThread "C2 CompilerThread1" daemon [_thread_in_native, id=18324, stack(0x000000524a500000,0x000000524a600000)]


Current CompileTask:
C2: 258742 2343   !   4       java.net.URLClassLoader$1::run (63 bytes)

Stack: [0x000000524a500000,0x000000524a600000]
Native frames: (J=compiled Java code, j=interpreted, Vv=VM code, C=native code)
V  [jvm.dll+0x5f214a]
V  [jvm.dll+0x726fb5]
V  [jvm.dll+0x7285cd]
V  [jvm.dll+0x728c83]
V  [jvm.dll+0x243278]
V  [jvm.dll+0xbc53c]
V  [jvm.dll+0xbca3c]
V  [jvm.dll+0x2b5c34]
V  [jvm.dll+0x508488]
V  [jvm.dll+0x203d53]
V  [jvm.dll+0x1fdbac]
V  [jvm.dll+0x1fb35f]
V  [jvm.dll+0x183d6c]
V  [jvm.dll+0x209a57]
V  [jvm.dll+0x2082a1]
V  [jvm.dll+0x6ef58f]
V  [jvm.dll+0x6e80b5]
V  [jvm.dll+0x5f1036]
C  [ucrtbase.dll+0x26c0c]
C  [KERNEL32.DLL+0x154e0]
C  [ntdll.dll+0x485b]


---------------  P R O C E S S  ---------------

Threads class SMR info:
_java_thread_list=0x000001c52aaa8c30, length=31, elements={
0x000001c50b732800, 0x000001c527b77000, 0x000001c528384800, 0x000001c5283e1800,
0x000001c5283e2800, 0x000001c5283e4000, 0x000001c5283e7000, 0x000001c5283e8000,
0x000001c528444000, 0x000001c528551000, 0x000001c529bf1000, 0x000001c529be8000,
0x000001c52a5ef800, 0x000001c529e2b800, 0x000001c528f17800, 0x000001c52a059800,
0x000001c529de7800, 0x000001c529bd8800, 0x000001c529bd9000, 0x000001c529d3f000,
0x000001c529d3b000, 0x000001c529d3c000, 0x000001c529d39800, 0x000001c529d3d000,
0x000001c529d3d800, 0x000001c529d3e800, 0x000001c529d40000, 0x000001c529d3a800,
0x000001c52a651000, 0x000001c52ab46800, 0x000001c52a652800
}

Java Threads: ( => current thread )
  0x000001c50b732800 JavaThread "main" [_thread_blocked, id=31404, stack(0x0000005247a00000,0x0000005247b00000)]
  0x000001c527b77000 JavaThread "Reference Handler" daemon [_thread_blocked, id=3440, stack(0x0000005248100000,0x0000005248200000)]
  0x000001c528384800 JavaThread "Finalizer" daemon [_thread_blocked, id=26136, stack(0x0000005248200000,0x0000005248300000)]
  0x000001c5283e1800 JavaThread "Signal Dispatcher" daemon [_thread_blocked, id=18128, stack(0x0000005248300000,0x0000005248400000)]
  0x000001c5283e2800 JavaThread "Attach Listener" daemon [_thread_blocked, id=10572, stack(0x0000005248400000,0x0000005248500000)]
  0x000001c5283e4000 JavaThread "Service Thread" daemon [_thread_blocked, id=2136, stack(0x0000005248500000,0x0000005248600000)]
  0x000001c5283e7000 JavaThread "C2 CompilerThread0" daemon [_thread_in_native, id=1492, stack(0x0000005248600000,0x0000005248700000)]
  0x000001c5283e8000 JavaThread "C1 CompilerThread0" daemon [_thread_blocked, id=8832, stack(0x0000005248700000,0x0000005248800000)]
  0x000001c528444000 JavaThread "Sweeper thread" daemon [_thread_blocked, id=15076, stack(0x0000005248800000,0x0000005248900000)]
  0x000001c528551000 JavaThread "Common-Cleaner" daemon [_thread_blocked, id=28764, stack(0x0000005248900000,0x0000005248a00000)]
  0x000001c529bf1000 JavaThread "Daemon health stats" [_thread_blocked, id=30896, stack(0x0000005248b00000,0x0000005248c00000)]
  0x000001c529be8000 JavaThread "Incoming local TCP Connector on port 8366" [_thread_in_native, id=2896, stack(0x0000005248e00000,0x0000005248f00000)]
  0x000001c52a5ef800 JavaThread "Daemon periodic checks" [_thread_blocked, id=30864, stack(0x0000005248f00000,0x0000005249000000)]
  0x000001c529e2b800 JavaThread "Daemon" [_thread_blocked, id=24868, stack(0x0000005249000000,0x0000005249100000)]
  0x000001c528f17800 JavaThread "Handler for socket connection from /127.0.0.1:8366 to /127.0.0.1:8392" [_thread_in_native, id=26956, stack(0x0000005249100000,0x0000005249200000)]
  0x000001c52a059800 JavaThread "Cancel handler" [_thread_blocked, id=21056, stack(0x0000005249200000,0x0000005249300000)]
  0x000001c529de7800 JavaThread "Daemon worker" [_thread_in_native, id=10716, stack(0x0000005249300000,0x0000005249400000)]
  0x000001c529bd8800 JavaThread "Asynchronous log dispatcher for DefaultDaemonConnection: socket connection from /127.0.0.1:8366 to /127.0.0.1:8392" [_thread_blocked, id=30388, stack(0x0000005249400000,0x0000005249500000)]
  0x000001c529bd9000 JavaThread "Stdin handler" [_thread_blocked, id=19644, stack(0x0000005249500000,0x0000005249600000)]
  0x000001c529d3f000 JavaThread "Daemon client event forwarder" [_thread_blocked, id=4472, stack(0x0000005249600000,0x0000005249700000)]
  0x000001c529d3b000 JavaThread "Cache worker for journal cache (C:\Users\User\.gradle\caches\journal-1)" [_thread_blocked, id=32560, stack(0x0000005249b00000,0x0000005249c00000)]
  0x000001c529d3c000 JavaThread "File lock request listener" [_thread_in_native, id=10980, stack(0x0000005249c00000,0x0000005249d00000)]
  0x000001c529d39800 JavaThread "Cache worker for file hash cache (C:\Users\User\.gradle\caches\7.2\fileHashes)" [_thread_blocked, id=24772, stack(0x0000005249d00000,0x0000005249e00000)]
  0x000001c529d3d000 JavaThread "File lock release action executor" [_thread_blocked, id=14508, stack(0x0000005249e00000,0x0000005249f00000)]
  0x000001c529d3d800 JavaThread "Cache worker for file hash cache (C:\Users\User\Desktop\assignment 3\CityList\.gradle\7.2\fileHashes)" [_thread_blocked, id=5916, stack(0x000000524a100000,0x000000524a200000)]
  0x000001c529d3e800 JavaThread "File watcher server" daemon [_thread_in_native, id=24948, stack(0x000000524a200000,0x000000524a300000)]
  0x000001c529d40000 JavaThread "File watcher consumer" daemon [_thread_blocked, id=11640, stack(0x000000524a300000,0x000000524a400000)]
  0x000001c529d3a800 JavaThread "Cache worker for checksums cache (C:\Users\User\Desktop\assignment 3\CityList\.gradle\checksums)" [_thread_blocked, id=20504, stack(0x000000524a000000,0x000000524a100000)]
  0x000001c52a651000 JavaThread "Cache worker for cache directory md-supplier (C:\Users\User\.gradle\caches\7.2\md-supplier)" [_thread_blocked, id=26172, stack(0x000000524a400000,0x000000524a500000)]
=>0x000001c52ab46800 JavaThread "C2 CompilerThread1" daemon [_thread_in_native, id=18324, stack(0x000000524a500000,0x000000524a600000)]
  0x000001c52a652800 JavaThread "Cache worker for cache directory md-rule (C:\Users\User\.gradle\caches\7.2\md-rule)" [_thread_new, id=11716, stack(0x0000000000000000,0x0000000000000000)]

Other Threads:
  0x000001c527b75000 VMThread "VM Thread" [stack: 0x0000005248000000,0x0000005248100000] [id=24944]
  0x000001c528568800 WatcherThread [stack: 0x0000005248a00000,0x0000005248b00000] [id=22868]
  0x000001c50b74b000 GCTaskThread "GC Thread#0" [stack: 0x0000005247b00000,0x0000005247c00000] [id=22180]
  0x000001c528f84800 GCTaskThread "GC Thread#1" [stack: 0x0000005247700000,0x0000005247800000] [id=23672]
  0x000001c528fa3800 GCTaskThread "GC Thread#2" [stack: 0x0000005247800000,0x0000005247900000] [id=10496]
  0x000001c529058800 GCTaskThread "GC Thread#3" [stack: 0x0000005247900000,0x0000005247a00000] [id=4004]
  0x000001c528ebf000 GCTaskThread "GC Thread#4" [stack: 0x0000005249700000,0x0000005249800000] [id=23208]
  0x000001c52a020800 GCTaskThread "GC Thread#5" [stack: 0x0000005249800000,0x0000005249900000] [id=18148]
  0x000001c52a021000 GCTaskThread "GC Thread#6" [stack: 0x0000005249900000,0x0000005249a00000] [id=21176]
  0x000001c529d8f800 GCTaskThread "GC Thread#7" [stack: 0x0000005249a00000,0x0000005249b00000] [id=17040]
  0x000001c50b77e000 ConcurrentGCThread "G1 Main Marker" [stack: 0x0000005247c00000,0x0000005247d00000] [id=30232]
  0x000001c50b77f000 ConcurrentGCThread "G1 Conc#0" [stack: 0x0000005247d00000,0x0000005247e00000] [id=19580]
  0x000001c528e8f000 ConcurrentGCThread "G1 Conc#1" [stack: 0x0000005249f00000,0x000000524a000000] [id=16312]
  0x000001c50b80e000 ConcurrentGCThread "G1 Refine#0" [stack: 0x0000005247e00000,0x0000005247f00000] [id=30888]
  0x000001c5279c6800 ConcurrentGCThread "G1 Young RemSet Sampling" [stack: 0x0000005247f00000,0x0000005248000000] [id=6676]

Threads with active compile tasks:
C2 CompilerThread0 258796 2384       4       java.lang.reflect.ProxyGenerator$ConstantPool::getIndirect (63 bytes)
C2 CompilerThread1 258796 2343   !   4       java.net.URLClassLoader$1::run (63 bytes)

VM state:not at safepoint (normal execution)

VM Mutex/Monitor currently owned by a thread: None

Heap address: 0x0000000080000000, size: 2048 MB, Compressed Oops mode: 32-bit
Narrow klass base: 0x0000000000000000, Narrow klass shift: 3
Compressed class space size: 1073741824 Address: 0x0000000100000000

Heap:
 garbage-first heap   total 196608K, used 21454K [0x0000000080000000, 0x0000000100000000)
  region size 1024K, 7 young (7168K), 4 survivors (4096K)
 Metaspace       used 28061K, capacity 28695K, committed 28800K, reserved 1075200K
  class space    used 3709K, capacity 3943K, committed 3968K, reserved 1048576K
Heap Regions: E=young(eden), S=young(survivor), O=old, HS=humongous(starts), HC=humongous(continues), CS=collection set, F=free, A=archive, TAMS=top-at-mark-start (previous, next)
|   0|0x0000000080000000, 0x0000000080100000, 0x0000000080100000|100%| O|  |TAMS 0x0000000080100000, 0x0000000080000000| Untracked 
|   1|0x0000000080100000, 0x0000000080200000, 0x0000000080200000|100%| O|  |TAMS 0x0000000080200000, 0x0000000080100000| Untracked 
|   2|0x0000000080200000, 0x0000000080300000, 0x0000000080300000|100%| O|  |TAMS 0x0000000080300000, 0x0000000080200000| Untracked 
|   3|0x0000000080300000, 0x0000000080400000, 0x0000000080400000|100%|HS|  |TAMS 0x0000000080400000, 0x0000000080300000| Complete 
|   4|0x0000000080400000, 0x0000000080500000, 0x0000000080500000|100%|HC|  |TAMS 0x0000000080500000, 0x0000000080400000| Complete 
|   5|0x0000000080500000, 0x0000000080600000, 0x0000000080600000|100%|HC|  |TAMS 0x0000000080600000, 0x0000000080500000| Complete 
|   6|0x0000000080600000, 0x0000000080700000, 0x0000000080700000|100%| O|  |TAMS 0x0000000080700000, 0x0000000080600000| Untracked 
|   7|0x0000000080700000, 0x0000000080800000, 0x0000000080800000|100%| O|  |TAMS 0x0000000080800000, 0x0000000080700000| Untracked 
|   8|0x0000000080800000, 0x0000000080900000, 0x0000000080900000|100%| O|  |TAMS 0x0000000080900000, 0x0000000080800000| Untracked 
|   9|0x0000000080900000, 0x0000000080a00000, 0x0000000080a00000|100%| O|  |TAMS 0x0000000080a00000, 0x0000000080900000| Untracked 
|  10|0x0000000080a00000, 0x0000000080b00000, 0x0000000080b00000|100%| O|  |TAMS 0x0000000080b00000, 0x0000000080a00000| Untracked 
|  11|0x0000000080b00000, 0x0000000080c00000, 0x0000000080c00000|100%| O|  |TAMS 0x0000000080c00000, 0x0000000080b00000| Untracked 
|  12|0x0000000080c00000, 0x0000000080d00000, 0x0000000080d00000|100%| O|  |TAMS 0x0000000080d00000, 0x0000000080c00000| Untracked 
|  13|0x0000000080d00000, 0x0000000080e00000, 0x0000000080e00000|100%| O|  |TAMS 0x0000000080e00000, 0x0000000080d00000| Untracked 
|  14|0x0000000080e00000, 0x0000000080f00000, 0x0000000080f00000|100%| O|  |TAMS 0x0000000080f00000, 0x0000000080e00000| Untracked 
|  15|0x0000000080f00000, 0x0000000080f82c00, 0x0000000081000000| 51%| O|  |TAMS 0x0000000080f82c00, 0x0000000080f00000| Untracked 
|  16|0x0000000081000000, 0x0000000081000000, 0x0000000081100000|  0%| F|  |TAMS 0x0000000081000000, 0x0000000081000000| Untracked 
|  17|0x0000000081100000, 0x0000000081100000, 0x0000000081200000|  0%| F|  |TAMS 0x0000000081100000, 0x0000000081100000| Untracked 
|  18|0x0000000081200000, 0x0000000081200000, 0x0000000081300000|  0%| F|  |TAMS 0x0000000081200000, 0x0000000081200000| Untracked 
|  19|0x0000000081300000, 0x0000000081300000, 0x0000000081400000|  0%| F|  |TAMS 0x0000000081300000, 0x0000000081300000| Untracked 
|  20|0x0000000081400000, 0x0000000081400000, 0x0000000081500000|  0%| F|  |TAMS 0x0000000081400000, 0x0000000081400000| Untracked 
|  21|0x0000000081500000, 0x0000000081500000, 0x0000000081600000|  0%| F|  |TAMS 0x0000000081500000, 0x0000000081500000| Untracked 
|  22|0x0000000081600000, 0x0000000081600000, 0x0000000081700000|  0%| F|  |TAMS 0x0000000081600000, 0x0000000081600000| Untracked 
|  23|0x0000000081700000, 0x0000000081700000, 0x0000000081800000|  0%| F|  |TAMS 0x0000000081700000, 0x0000000081700000| Untracked 
|  24|0x0000000081800000, 0x0000000081800000, 0x0000000081900000|  0%| F|  |TAMS 0x0000000081800000, 0x0000000081800000| Untracked 
|  25|0x0000000081900000, 0x0000000081900000, 0x0000000081a00000|  0%| F|  |TAMS 0x0000000081900000, 0x0000000081900000| Untracked 
|  26|0x0000000081a00000, 0x0000000081a00000, 0x0000000081b00000|  0%| F|  |TAMS 0x0000000081a00000, 0x0000000081a00000| Untracked 
|  27|0x0000000081b00000, 0x0000000081b00000, 0x0000000081c00000|  0%| F|  |TAMS 0x0000000081b00000, 0x0000000081b00000| Untracked 
|  28|0x0000000081c00000, 0x0000000081c00000, 0x0000000081d00000|  0%| F|  |TAMS 0x0000000081c00000, 0x0000000081c00000| Untracked 
|  29|0x0000000081d00000, 0x0000000081d00000, 0x0000000081e00000|  0%| F|  |TAMS 0x0000000081d00000, 0x0000000081d00000| Untracked 
|  30|0x0000000081e00000, 0x0000000081e00000, 0x0000000081f00000|  0%| F|  |TAMS 0x0000000081e00000, 0x0000000081e00000| Untracked 
|  31|0x0000000081f00000, 0x0000000081f00000, 0x0000000082000000|  0%| F|  |TAMS 0x0000000081f00000, 0x0000000081f00000| Untracked 
|  32|0x0000000082000000, 0x0000000082000000, 0x0000000082100000|  0%| F|  |TAMS 0x0000000082000000, 0x0000000082000000| Untracked 
|  33|0x0000000082100000, 0x0000000082100000, 0x0000000082200000|  0%| F|  |TAMS 0x0000000082100000, 0x0000000082100000| Untracked 
|  34|0x0000000082200000, 0x0000000082200000, 0x0000000082300000|  0%| F|  |TAMS 0x0000000082200000, 0x0000000082200000| Untracked 
|  35|0x0000000082300000, 0x0000000082300000, 0x0000000082400000|  0%| F|  |TAMS 0x0000000082300000, 0x0000000082300000| Untracked 
|  36|0x0000000082400000, 0x0000000082400000, 0x0000000082500000|  0%| F|  |TAMS 0x0000000082400000, 0x0000000082400000| Untracked 
|  37|0x0000000082500000, 0x0000000082500000, 0x0000000082600000|  0%| F|  |TAMS 0x0000000082500000, 0x0000000082500000| Untracked 
|  38|0x0000000082600000, 0x0000000082600000, 0x0000000082700000|  0%| F|  |TAMS 0x0000000082600000, 0x0000000082600000| Untracked 
|  39|0x0000000082700000, 0x0000000082700000, 0x0000000082800000|  0%| F|  |TAMS 0x0000000082700000, 0x0000000082700000| Untracked 
|  40|0x0000000082800000, 0x0000000082800000, 0x0000000082900000|  0%| F|  |TAMS 0x0000000082800000, 0x0000000082800000| Untracked 
|  41|0x0000000082900000, 0x0000000082900000, 0x0000000082a00000|  0%| F|  |TAMS 0x0000000082900000, 0x0000000082900000| Untracked 
|  42|0x0000000082a00000, 0x0000000082a00000, 0x0000000082b00000|  0%| F|  |TAMS 0x0000000082a00000, 0x0000000082a00000| Untracked 
|  43|0x0000000082b00000, 0x0000000082b00000, 0x0000000082c00000|  0%| F|  |TAMS 0x0000000082b00000, 0x0000000082b00000| Untracked 
|  44|0x0000000082c00000, 0x0000000082c00000, 0x0000000082d00000|  0%| F|  |TAMS 0x0000000082c00000, 0x0000000082c00000| Untracked 
|  45|0x0000000082d00000, 0x0000000082d00000, 0x0000000082e00000|  0%| F|  |TAMS 0x0000000082d00000, 0x0000000082d00000| Untracked 
|  46|0x0000000082e00000, 0x0000000082e00000, 0x0000000082f00000|  0%| F|  |TAMS 0x0000000082e00000, 0x0000000082e00000| Untracked 
|  47|0x0000000082f00000, 0x0000000082f00000, 0x0000000083000000|  0%| F|  |TAMS 0x0000000082f00000, 0x0000000082f00000| Untracked 
|  48|0x0000000083000000, 0x0000000083000000, 0x0000000083100000|  0%| F|  |TAMS 0x0000000083000000, 0x0000000083000000| Untracked 
|  49|0x0000000083100000, 0x0000000083100000, 0x0000000083200000|  0%| F|  |TAMS 0x0000000083100000, 0x0000000083100000| Untracked 
|  50|0x0000000083200000, 0x0000000083200000, 0x0000000083300000|  0%| F|  |TAMS 0x0000000083200000, 0x0000000083200000| Untracked 
|  51|0x0000000083300000, 0x0000000083300000, 0x0000000083400000|  0%| F|  |TAMS 0x0000000083300000, 0x0000000083300000| Untracked 
|  52|0x0000000083400000, 0x0000000083400000, 0x0000000083500000|  0%| F|  |TAMS 0x0000000083400000, 0x0000000083400000| Untracked 
|  53|0x0000000083500000, 0x0000000083500000, 0x0000000083600000|  0%| F|  |TAMS 0x0000000083500000, 0x0000000083500000| Untracked 
|  54|0x0000000083600000, 0x0000000083600000, 0x0000000083700000|  0%| F|  |TAMS 0x0000000083600000, 0x0000000083600000| Untracked 
|  55|0x0000000083700000, 0x0000000083700000, 0x0000000083800000|  0%| F|  |TAMS 0x0000000083700000, 0x0000000083700000| Untracked 
|  56|0x0000000083800000, 0x0000000083800000, 0x0000000083900000|  0%| F|  |TAMS 0x0000000083800000, 0x0000000083800000| Untracked 
|  57|0x0000000083900000, 0x0000000083900000, 0x0000000083a00000|  0%| F|  |TAMS 0x0000000083900000, 0x0000000083900000| Untracked 
|  58|0x0000000083a00000, 0x0000000083a00000, 0x0000000083b00000|  0%| F|  |TAMS 0x0000000083a00000, 0x0000000083a00000| Untracked 
|  59|0x0000000083b00000, 0x0000000083b00000, 0x0000000083c00000|  0%| F|  |TAMS 0x0000000083b00000, 0x0000000083b00000| Untracked 
|  60|0x0000000083c00000, 0x0000000083c00000, 0x0000000083d00000|  0%| F|  |TAMS 0x0000000083c00000, 0x0000000083c00000| Untracked 
|  61|0x0000000083d00000, 0x0000000083d00000, 0x0000000083e00000|  0%| F|  |TAMS 0x0000000083d00000, 0x0000000083d00000| Untracked 
|  62|0x0000000083e00000, 0x0000000083e00000, 0x0000000083f00000|  0%| F|  |TAMS 0x0000000083e00000, 0x0000000083e00000| Untracked 
|  63|0x0000000083f00000, 0x0000000083f00000, 0x0000000084000000|  0%| F|  |TAMS 0x0000000083f00000, 0x0000000083f00000| Untracked 
|  64|0x0000000084000000, 0x0000000084000000, 0x0000000084100000|  0%| F|  |TAMS 0x0000000084000000, 0x0000000084000000| Untracked 
|  65|0x0000000084100000, 0x0000000084100000, 0x0000000084200000|  0%| F|  |TAMS 0x0000000084100000, 0x0000000084100000| Untracked 
|  66|0x0000000084200000, 0x0000000084200000, 0x0000000084300000|  0%| F|  |TAMS 0x0000000084200000, 0x0000000084200000| Untracked 
|  67|0x0000000084300000, 0x0000000084300000, 0x0000000084400000|  0%| F|  |TAMS 0x0000000084300000, 0x0000000084300000| Untracked 
|  68|0x0000000084400000, 0x0000000084400000, 0x0000000084500000|  0%| F|  |TAMS 0x0000000084400000, 0x0000000084400000| Untracked 
|  69|0x0000000084500000, 0x0000000084500000, 0x0000000084600000|  0%| F|  |TAMS 0x0000000084500000, 0x0000000084500000| Untracked 
|  70|0x0000000084600000, 0x0000000084600000, 0x0000000084700000|  0%| F|  |TAMS 0x0000000084600000, 0x0000000084600000| Untracked 
|  71|0x0000000084700000, 0x0000000084700000, 0x0000000084800000|  0%| F|  |TAMS 0x0000000084700000, 0x0000000084700000| Untracked 
|  72|0x0000000084800000, 0x0000000084800000, 0x0000000084900000|  0%| F|  |TAMS 0x0000000084800000, 0x0000000084800000| Untracked 
|  73|0x0000000084900000, 0x0000000084900000, 0x0000000084a00000|  0%| F|  |TAMS 0x0000000084900000, 0x0000000084900000| Untracked 
|  74|0x0000000084a00000, 0x0000000084a00000, 0x0000000084b00000|  0%| F|  |TAMS 0x0000000084a00000, 0x0000000084a00000| Untracked 
|  75|0x0000000084b00000, 0x0000000084b00000, 0x0000000084c00000|  0%| F|  |TAMS 0x0000000084b00000, 0x0000000084b00000| Untracked 
|  76|0x0000000084c00000, 0x0000000084c00000, 0x0000000084d00000|  0%| F|  |TAMS 0x0000000084c00000, 0x0000000084c00000| Untracked 
|  77|0x0000000084d00000, 0x0000000084d00000, 0x0000000084e00000|  0%| F|  |TAMS 0x0000000084d00000, 0x0000000084d00000| Untracked 
|  78|0x0000000084e00000, 0x0000000084e00000, 0x0000000084f00000|  0%| F|  |TAMS 0x0000000084e00000, 0x0000000084e00000| Untracked 
|  79|0x0000000084f00000, 0x0000000084f00000, 0x0000000085000000|  0%| F|  |TAMS 0x0000000084f00000, 0x0000000084f00000| Untracked 
|  80|0x0000000085000000, 0x0000000085000000, 0x0000000085100000|  0%| F|  |TAMS 0x0000000085000000, 0x0000000085000000| Untracked 
|  81|0x0000000085100000, 0x0000000085100000, 0x0000000085200000|  0%| F|  |TAMS 0x0000000085100000, 0x0000000085100000| Untracked 
|  82|0x0000000085200000, 0x0000000085200000, 0x0000000085300000|  0%| F|  |TAMS 0x0000000085200000, 0x0000000085200000| Untracked 
|  83|0x0000000085300000, 0x0000000085300000, 0x0000000085400000|  0%| F|  |TAMS 0x0000000085300000, 0x0000000085300000| Untracked 
|  84|0x0000000085400000, 0x0000000085400000, 0x0000000085500000|  0%| F|  |TAMS 0x0000000085400000, 0x0000000085400000| Untracked 
|  85|0x0000000085500000, 0x0000000085500000, 0x0000000085600000|  0%| F|  |TAMS 0x0000000085500000, 0x0000000085500000| Untracked 
|  86|0x0000000085600000, 0x0000000085600000, 0x0000000085700000|  0%| F|  |TAMS 0x0000000085600000, 0x0000000085600000| Untracked 
|  87|0x0000000085700000, 0x0000000085700000, 0x0000000085800000|  0%| F|  |TAMS 0x0000000085700000, 0x0000000085700000| Untracked 
|  88|0x0000000085800000, 0x0000000085800000, 0x0000000085900000|  0%| F|  |TAMS 0x0000000085800000, 0x0000000085800000| Untracked 
|  89|0x0000000085900000, 0x0000000085900000, 0x0000000085a00000|  0%| F|  |TAMS 0x0000000085900000, 0x0000000085900000| Untracked 
|  90|0x0000000085a00000, 0x0000000085a00000, 0x0000000085b00000|  0%| F|  |TAMS 0x0000000085a00000, 0x0000000085a00000| Untracked 
|  91|0x0000000085b00000, 0x0000000085b00000, 0x0000000085c00000|  0%| F|  |TAMS 0x0000000085b00000, 0x0000000085b00000| Untracked 
|  92|0x0000000085c00000, 0x0000000085c00000, 0x0000000085d00000|  0%| F|  |TAMS 0x0000000085c00000, 0x0000000085c00000| Untracked 
|  93|0x0000000085d00000, 0x0000000085d00000, 0x0000000085e00000|  0%| F|  |TAMS 0x0000000085d00000, 0x0000000085d00000| Untracked 
|  94|0x0000000085e00000, 0x0000000085e00000, 0x0000000085f00000|  0%| F|  |TAMS 0x0000000085e00000, 0x0000000085e00000| Untracked 
|  95|0x0000000085f00000, 0x0000000085f00000, 0x0000000086000000|  0%| F|  |TAMS 0x0000000085f00000, 0x0000000085f00000| Untracked 
|  96|0x0000000086000000, 0x0000000086000000, 0x0000000086100000|  0%| F|  |TAMS 0x0000000086000000, 0x0000000086000000| Untracked 
|  97|0x0000000086100000, 0x0000000086100000, 0x0000000086200000|  0%| F|  |TAMS 0x0000000086100000, 0x0000000086100000| Untracked 
|  98|0x0000000086200000, 0x0000000086200000, 0x0000000086300000|  0%| F|  |TAMS 0x0000000086200000, 0x0000000086200000| Untracked 
|  99|0x0000000086300000, 0x0000000086300000, 0x0000000086400000|  0%| F|  |TAMS 0x0000000086300000, 0x0000000086300000| Untracked 
| 100|0x0000000086400000, 0x0000000086400000, 0x0000000086500000|  0%| F|  |TAMS 0x0000000086400000, 0x0000000086400000| Untracked 
| 101|0x0000000086500000, 0x0000000086500000, 0x0000000086600000|  0%| F|  |TAMS 0x0000000086500000, 0x0000000086500000| Untracked 
| 102|0x0000000086600000, 0x0000000086600000, 0x0000000086700000|  0%| F|  |TAMS 0x0000000086600000, 0x0000000086600000| Untracked 
| 103|0x0000000086700000, 0x0000000086700000, 0x0000000086800000|  0%| F|  |TAMS 0x0000000086700000, 0x0000000086700000| Untracked 
| 104|0x0000000086800000, 0x0000000086800000, 0x0000000086900000|  0%| F|  |TAMS 0x0000000086800000, 0x0000000086800000| Untracked 
| 105|0x0000000086900000, 0x0000000086900000, 0x0000000086a00000|  0%| F|  |TAMS 0x0000000086900000, 0x0000000086900000| Untracked 
| 106|0x0000000086a00000, 0x0000000086a00000, 0x0000000086b00000|  0%| F|  |TAMS 0x0000000086a00000, 0x0000000086a00000| Untracked 
| 107|0x0000000086b00000, 0x0000000086b00000, 0x0000000086c00000|  0%| F|  |TAMS 0x0000000086b00000, 0x0000000086b00000| Untracked 
| 108|0x0000000086c00000, 0x0000000086c00000, 0x0000000086d00000|  0%| F|  |TAMS 0x0000000086c00000, 0x0000000086c00000| Untracked 
| 109|0x0000000086d00000, 0x0000000086d00000, 0x0000000086e00000|  0%| F|  |TAMS 0x0000000086d00000, 0x0000000086d00000| Untracked 
| 110|0x0000000086e00000, 0x0000000086e00000, 0x0000000086f00000|  0%| F|  |TAMS 0x0000000086e00000, 0x0000000086e00000| Untracked 
| 111|0x0000000086f00000, 0x0000000086f00000, 0x0000000087000000|  0%| F|  |TAMS 0x0000000086f00000, 0x0000000086f00000| Untracked 
| 112|0x0000000087000000, 0x0000000087000000, 0x0000000087100000|  0%| F|  |TAMS 0x0000000087000000, 0x0000000087000000| Untracked 
| 113|0x0000000087100000, 0x0000000087100000, 0x0000000087200000|  0%| F|  |TAMS 0x0000000087100000, 0x0000000087100000| Untracked 
| 114|0x0000000087200000, 0x0000000087200000, 0x0000000087300000|  0%| F|  |TAMS 0x0000000087200000, 0x0000000087200000| Untracked 
| 115|0x0000000087300000, 0x0000000087370ce8, 0x0000000087400000| 44%| S|CS|TAMS 0x0000000087300000, 0x0000000087300000| Complete 
| 116|0x0000000087400000, 0x0000000087500000, 0x0000000087500000|100%| S|CS|TAMS 0x0000000087400000, 0x0000000087400000| Complete 
| 117|0x0000000087500000, 0x0000000087600000, 0x0000000087600000|100%| S|CS|TAMS 0x0000000087500000, 0x0000000087500000| Complete 
| 118|0x0000000087600000, 0x0000000087700000, 0x0000000087700000|100%| S|CS|TAMS 0x0000000087600000, 0x0000000087600000| Complete 
| 119|0x0000000087700000, 0x0000000087700000, 0x0000000087800000|  0%| F|  |TAMS 0x0000000087700000, 0x0000000087700000| Untracked 
| 120|0x0000000087800000, 0x0000000087800000, 0x0000000087900000|  0%| F|  |TAMS 0x0000000087800000, 0x0000000087800000| Untracked 
| 121|0x0000000087900000, 0x0000000087900000, 0x0000000087a00000|  0%| F|  |TAMS 0x0000000087900000, 0x0000000087900000| Untracked 
| 122|0x0000000087a00000, 0x0000000087a00000, 0x0000000087b00000|  0%| F|  |TAMS 0x0000000087a00000, 0x0000000087a00000| Untracked 
| 123|0x0000000087b00000, 0x0000000087b00000, 0x0000000087c00000|  0%| F|  |TAMS 0x0000000087b00000, 0x0000000087b00000| Untracked 
| 124|0x0000000087c00000, 0x0000000087c00000, 0x0000000087d00000|  0%| F|  |TAMS 0x0000000087c00000, 0x0000000087c00000| Untracked 
| 125|0x0000000087d00000, 0x0000000087d00000, 0x0000000087e00000|  0%| F|  |TAMS 0x0000000087d00000, 0x0000000087d00000| Untracked 
| 126|0x0000000087e00000, 0x0000000087e00000, 0x0000000087f00000|  0%| F|  |TAMS 0x0000000087e00000, 0x0000000087e00000| Untracked 
| 127|0x0000000087f00000, 0x0000000087f00000, 0x0000000088000000|  0%| F|  |TAMS 0x0000000087f00000, 0x0000000087f00000| Untracked 
| 128|0x0000000088000000, 0x0000000088000000, 0x0000000088100000|  0%| F|  |TAMS 0x0000000088000000, 0x0000000088000000| Untracked 
| 129|0x0000000088100000, 0x0000000088100000, 0x0000000088200000|  0%| F|  |TAMS 0x0000000088100000, 0x0000000088100000| Untracked 
| 130|0x0000000088200000, 0x0000000088200000, 0x0000000088300000|  0%| F|  |TAMS 0x0000000088200000, 0x0000000088200000| Untracked 
| 131|0x0000000088300000, 0x0000000088300000, 0x0000000088400000|  0%| F|  |TAMS 0x0000000088300000, 0x0000000088300000| Untracked 
| 132|0x0000000088400000, 0x0000000088400000, 0x0000000088500000|  0%| F|  |TAMS 0x0000000088400000, 0x0000000088400000| Untracked 
| 133|0x0000000088500000, 0x0000000088500000, 0x0000000088600000|  0%| F|  |TAMS 0x0000000088500000, 0x0000000088500000| Untracked 
| 134|0x0000000088600000, 0x0000000088600000, 0x0000000088700000|  0%| F|  |TAMS 0x0000000088600000, 0x0000000088600000| Untracked 
| 135|0x0000000088700000, 0x0000000088700000, 0x0000000088800000|  0%| F|  |TAMS 0x0000000088700000, 0x0000000088700000| Untracked 
| 136|0x0000000088800000, 0x0000000088800000, 0x0000000088900000|  0%| F|  |TAMS 0x0000000088800000, 0x0000000088800000| Untracked 
| 137|0x0000000088900000, 0x0000000088900000, 0x0000000088a00000|  0%| F|  |TAMS 0x0000000088900000, 0x0000000088900000| Untracked 
| 138|0x0000000088a00000, 0x0000000088a00000, 0x0000000088b00000|  0%| F|  |TAMS 0x0000000088a00000, 0x0000000088a00000| Untracked 
| 139|0x0000000088b00000, 0x0000000088b00000, 0x0000000088c00000|  0%| F|  |TAMS 0x0000000088b00000, 0x0000000088b00000| Untracked 
| 140|0x0000000088c00000, 0x0000000088c00000, 0x0000000088d00000|  0%| F|  |TAMS 0x0000000088c00000, 0x0000000088c00000| Untracked 
| 141|0x0000000088d00000, 0x0000000088d00000, 0x0000000088e00000|  0%| F|  |TAMS 0x0000000088d00000, 0x0000000088d00000| Untracked 
| 142|0x0000000088e00000, 0x0000000088e00000, 0x0000000088f00000|  0%| F|  |TAMS 0x0000000088e00000, 0x0000000088e00000| Untracked 
| 143|0x0000000088f00000, 0x0000000088f00000, 0x0000000089000000|  0%| F|  |TAMS 0x0000000088f00000, 0x0000000088f00000| Untracked 
| 144|0x0000000089000000, 0x0000000089000000, 0x0000000089100000|  0%| F|  |TAMS 0x0000000089000000, 0x0000000089000000| Untracked 
| 145|0x0000000089100000, 0x0000000089100000, 0x0000000089200000|  0%| F|  |TAMS 0x0000000089100000, 0x0000000089100000| Untracked 
| 146|0x0000000089200000, 0x0000000089200000, 0x0000000089300000|  0%| F|  |TAMS 0x0000000089200000, 0x0000000089200000| Untracked 
| 147|0x0000000089300000, 0x0000000089300000, 0x0000000089400000|  0%| F|  |TAMS 0x0000000089300000, 0x0000000089300000| Untracked 
| 148|0x0000000089400000, 0x0000000089400000, 0x0000000089500000|  0%| F|  |TAMS 0x0000000089400000, 0x0000000089400000| Untracked 
| 149|0x0000000089500000, 0x0000000089500000, 0x0000000089600000|  0%| F|  |TAMS 0x0000000089500000, 0x0000000089500000| Untracked 
| 150|0x0000000089600000, 0x0000000089600000, 0x0000000089700000|  0%| F|  |TAMS 0x0000000089600000, 0x0000000089600000| Untracked 
| 151|0x0000000089700000, 0x0000000089700000, 0x0000000089800000|  0%| F|  |TAMS 0x0000000089700000, 0x0000000089700000| Untracked 
| 152|0x0000000089800000, 0x0000000089800000, 0x0000000089900000|  0%| F|  |TAMS 0x0000000089800000, 0x0000000089800000| Untracked 
| 153|0x0000000089900000, 0x0000000089900000, 0x0000000089a00000|  0%| F|  |TAMS 0x0000000089900000, 0x0000000089900000| Untracked 
| 154|0x0000000089a00000, 0x0000000089a00000, 0x0000000089b00000|  0%| F|  |TAMS 0x0000000089a00000, 0x0000000089a00000| Untracked 
| 155|0x0000000089b00000, 0x0000000089b00000, 0x0000000089c00000|  0%| F|  |TAMS 0x0000000089b00000, 0x0000000089b00000| Untracked 
| 156|0x0000000089c00000, 0x0000000089c00000, 0x0000000089d00000|  0%| F|  |TAMS 0x0000000089c00000, 0x0000000089c00000| Untracked 
| 157|0x0000000089d00000, 0x0000000089d00000, 0x0000000089e00000|  0%| F|  |TAMS 0x0000000089d00000, 0x0000000089d00000| Untracked 
| 158|0x0000000089e00000, 0x0000000089e00000, 0x0000000089f00000|  0%| F|  |TAMS 0x0000000089e00000, 0x0000000089e00000| Untracked 
| 159|0x0000000089f00000, 0x0000000089f00000, 0x000000008a000000|  0%| F|  |TAMS 0x0000000089f00000, 0x0000000089f00000| Untracked 
| 160|0x000000008a000000, 0x000000008a000000, 0x000000008a100000|  0%| F|  |TAMS 0x000000008a000000, 0x000000008a000000| Untracked 
| 161|0x000000008a100000, 0x000000008a100000, 0x000000008a200000|  0%| F|  |TAMS 0x000000008a100000, 0x000000008a100000| Untracked 
| 162|0x000000008a200000, 0x000000008a200000, 0x000000008a300000|  0%| F|  |TAMS 0x000000008a200000, 0x000000008a200000| Untracked 
| 163|0x000000008a300000, 0x000000008a300000, 0x000000008a400000|  0%| F|  |TAMS 0x000000008a300000, 0x000000008a300000| Untracked 
| 164|0x000000008a400000, 0x000000008a400000, 0x000000008a500000|  0%| F|  |TAMS 0x000000008a400000, 0x000000008a400000| Untracked 
| 165|0x000000008a500000, 0x000000008a500000, 0x000000008a600000|  0%| F|  |TAMS 0x000000008a500000, 0x000000008a500000| Untracked 
| 166|0x000000008a600000, 0x000000008a600000, 0x000000008a700000|  0%| F|  |TAMS 0x000000008a600000, 0x000000008a600000| Untracked 
| 167|0x000000008a700000, 0x000000008a700000, 0x000000008a800000|  0%| F|  |TAMS 0x000000008a700000, 0x000000008a700000| Untracked 
| 168|0x000000008a800000, 0x000000008a800000, 0x000000008a900000|  0%| F|  |TAMS 0x000000008a800000, 0x000000008a800000| Untracked 
| 169|0x000000008a900000, 0x000000008a900000, 0x000000008aa00000|  0%| F|  |TAMS 0x000000008a900000, 0x000000008a900000| Untracked 
| 170|0x000000008aa00000, 0x000000008aa00000, 0x000000008ab00000|  0%| F|  |TAMS 0x000000008aa00000, 0x000000008aa00000| Untracked 
| 171|0x000000008ab00000, 0x000000008ab00000, 0x000000008ac00000|  0%| F|  |TAMS 0x000000008ab00000, 0x000000008ab00000| Untracked 
| 172|0x000000008ac00000, 0x000000008ac00000, 0x000000008ad00000|  0%| F|  |TAMS 0x000000008ac00000, 0x000000008ac00000| Untracked 
| 173|0x000000008ad00000, 0x000000008ad00000, 0x000000008ae00000|  0%| F|  |TAMS 0x000000008ad00000, 0x000000008ad00000| Untracked 
| 174|0x000000008ae00000, 0x000000008ae00000, 0x000000008af00000|  0%| F|  |TAMS 0x000000008ae00000, 0x000000008ae00000| Untracked 
| 175|0x000000008af00000, 0x000000008af00000, 0x000000008b000000|  0%| F|  |TAMS 0x000000008af00000, 0x000000008af00000| Untracked 
| 176|0x000000008b000000, 0x000000008b000000, 0x000000008b100000|  0%| F|  |TAMS 0x000000008b000000, 0x000000008b000000| Untracked 
| 177|0x000000008b100000, 0x000000008b100000, 0x000000008b200000|  0%| F|  |TAMS 0x000000008b100000, 0x000000008b100000| Untracked 
| 178|0x000000008b200000, 0x000000008b200000, 0x000000008b300000|  0%| F|  |TAMS 0x000000008b200000, 0x000000008b200000| Untracked 
| 179|0x000000008b300000, 0x000000008b300000, 0x000000008b400000|  0%| F|  |TAMS 0x000000008b300000, 0x000000008b300000| Untracked 
| 180|0x000000008b400000, 0x000000008b400000, 0x000000008b500000|  0%| F|  |TAMS 0x000000008b400000, 0x000000008b400000| Untracked 
| 181|0x000000008b500000, 0x000000008b500000, 0x000000008b600000|  0%| F|  |TAMS 0x000000008b500000, 0x000000008b500000| Untracked 
| 182|0x000000008b600000, 0x000000008b600000, 0x000000008b700000|  0%| F|  |TAMS 0x000000008b600000, 0x000000008b600000| Untracked 
| 183|0x000000008b700000, 0x000000008b700000, 0x000000008b800000|  0%| F|  |TAMS 0x000000008b700000, 0x000000008b700000| Untracked 
| 184|0x000000008b800000, 0x000000008b800000, 0x000000008b900000|  0%| F|  |TAMS 0x000000008b800000, 0x000000008b800000| Untracked 
| 185|0x000000008b900000, 0x000000008b900000, 0x000000008ba00000|  0%| F|  |TAMS 0x000000008b900000, 0x000000008b900000| Untracked 
| 186|0x000000008ba00000, 0x000000008ba00000, 0x000000008bb00000|  0%| F|  |TAMS 0x000000008ba00000, 0x000000008ba00000| Untracked 
| 187|0x000000008bb00000, 0x000000008bb00000, 0x000000008bc00000|  0%| F|  |TAMS 0x000000008bb00000, 0x000000008bb00000| Untracked 
| 188|0x000000008bc00000, 0x000000008bc00000, 0x000000008bd00000|  0%| F|  |TAMS 0x000000008bc00000, 0x000000008bc00000| Untracked 
| 189|0x000000008bd00000, 0x000000008bd80800, 0x000000008be00000| 50%| E|  |TAMS 0x000000008bd00000, 0x000000008bd00000| Complete 
| 190|0x000000008be00000, 0x000000008bf00000, 0x000000008bf00000|100%| E|CS|TAMS 0x000000008be00000, 0x000000008be00000| Complete 
| 191|0x000000008bf00000, 0x000000008c000000, 0x000000008c000000|100%| E|CS|TAMS 0x000000008bf00000, 0x000000008bf00000| Complete 

Card table byte_map: [0x000001c520870000,0x000001c520c70000] _byte_map_base: 0x000001c520470000

Marking Bits (Prev, Next): (CMBitMap*) 0x000001c50b7753a8, (CMBitMap*) 0x000001c50b7753e0
 Prev Bits: [0x000001c521070000, 0x000001c523070000)
 Next Bits: [0x000001c523070000, 0x000001c525070000)

Polling page: 0x000001c50cfc0000

Metaspace:

Usage:
  Non-class:     24.17 MB capacity,    23.78 MB ( 98%) used,   345.09 KB (  1%) free+waste,    54.50 KB ( <1%) overhead. 
      Class:      3.85 MB capacity,     3.62 MB ( 94%) used,   206.48 KB (  5%) free+waste,    27.38 KB ( <1%) overhead. 
       Both:     28.02 MB capacity,    27.40 MB ( 98%) used,   551.58 KB (  2%) free+waste,    81.88 KB ( <1%) overhead. 

Virtual space:
  Non-class space:       26.00 MB reserved,      24.25 MB ( 93%) committed 
      Class space:        1.00 GB reserved,       3.88 MB ( <1%) committed 
             Both:        1.03 GB reserved,      28.13 MB (  3%) committed 

Chunk freelists:
   Non-Class:  16.00 KB
       Class:  25.00 KB
        Both:  41.00 KB

MaxMetaspaceSize: 17179869184.00 GB
CompressedClassSpaceSize: 1.00 GB

CodeHeap 'non-profiled nmethods': size=120000Kb used=1142Kb max_used=1142Kb free=118858Kb
 bounds [0x000001c5184d0000, 0x000001c518740000, 0x000001c51fa00000]
CodeHeap 'profiled nmethods': size=120000Kb used=5280Kb max_used=5280Kb free=114719Kb
 bounds [0x000001c510fa0000, 0x000001c5114d0000, 0x000001c5184d0000]
CodeHeap 'non-nmethods': size=5760Kb used=1162Kb max_used=1208Kb free=4597Kb
 bounds [0x000001c510a00000, 0x000001c510c70000, 0x000001c510fa0000]
 total_blobs=2961 nmethods=2457 adapters=415
 compilation: enabled
              stopped_count=0, restarted_count=0
 full_count=0

Compilation events (20 events):
Event: 258.678 Thread 0x000001c5283e8000 2452       3       org.gradle.internal.serialize.InputStreamBackedDecoder::readString (8 bytes)
Event: 258.679 Thread 0x000001c5283e8000 nmethod 2452 0x000001c5114c2e90 code [0x000001c5114c3060, 0x000001c5114c31e8]
Event: 258.716 Thread 0x000001c5283e8000 2453       1       java.lang.reflect.Field::getModifiers (5 bytes)
Event: 258.716 Thread 0x000001c5283e8000 nmethod 2453 0x000001c5185dfc10 code [0x000001c5185dfdc0, 0x000001c5185dfe78]
Event: 258.716 Thread 0x000001c5283e8000 2454       3       org.objectweb.asm.ClassWriter::visitMethod (57 bytes)
Event: 258.717 Thread 0x000001c5283e8000 nmethod 2454 0x000001c5114c3310 code [0x000001c5114c34e0, 0x000001c5114c3848]
Event: 258.717 Thread 0x000001c5283e8000 2455       3       org.objectweb.asm.MethodVisitor::<init> (7 bytes)
Event: 258.717 Thread 0x000001c5283e8000 nmethod 2455 0x000001c5114c3990 code [0x000001c5114c3b40, 0x000001c5114c3c68]
Event: 258.717 Thread 0x000001c5283e8000 2457       3       org.objectweb.asm.MethodWriter::endCurrentBasicBlockWithNoSuccessor (94 bytes)
Event: 258.718 Thread 0x000001c5283e8000 nmethod 2457 0x000001c5114c3d10 code [0x000001c5114c3f20, 0x000001c5114c4568]
Event: 258.718 Thread 0x000001c5283e8000 2459       3       org.objectweb.asm.ByteVector::putByteArray (49 bytes)
Event: 258.718 Thread 0x000001c5283e8000 nmethod 2459 0x000001c5114c4790 code [0x000001c5114c4960, 0x000001c5114c4c18]
Event: 258.718 Thread 0x000001c5283e8000 2456       3       org.objectweb.asm.MethodVisitor::<init> (94 bytes)
Event: 258.719 Thread 0x000001c5283e8000 nmethod 2456 0x000001c5114c4d10 code [0x000001c5114c4fa0, 0x000001c5114c5ac8]
Event: 258.719 Thread 0x000001c5283e8000 2458       3       org.objectweb.asm.MethodWriter::computeMethodInfoSize (571 bytes)
Event: 258.722 Thread 0x000001c5283e8000 nmethod 2458 0x000001c5114c5e10 code [0x000001c5114c6160, 0x000001c5114c7168]
Event: 258.722 Thread 0x000001c5283e8000 2460       3       org.objectweb.asm.AnnotationWriter::putAnnotations (67 bytes)
Event: 258.722 Thread 0x000001c5283e8000 nmethod 2460 0x000001c5114c7890 code [0x000001c5114c7ac0, 0x000001c5114c7ef8]
Event: 258.722 Thread 0x000001c5283e8000 2461       1       com.google.common.cache.CacheBuilder::getStatsCounterSupplier (5 bytes)
Event: 258.722 Thread 0x000001c5283e8000 nmethod 2461 0x000001c5185dff10 code [0x000001c5185e00c0, 0x000001c5185e0178]

GC Heap History (10 events):
Event: 117.512 GC heap before
{Heap before GC invocations=0 (full 0):
 garbage-first heap   total 196608K, used 29696K [0x0000000080000000, 0x0000000100000000)
  region size 1024K, 24 young (24576K), 0 survivors (0K)
 Metaspace       used 10268K, capacity 10487K, committed 10624K, reserved 1058816K
  class space    used 1073K, capacity 1141K, committed 1152K, reserved 1048576K
}
Event: 117.667 GC heap after
{Heap after GC invocations=1 (full 0):
 garbage-first heap   total 196608K, used 9236K [0x0000000080000000, 0x0000000100000000)
  region size 1024K, 3 young (3072K), 3 survivors (3072K)
 Metaspace       used 10268K, capacity 10487K, committed 10624K, reserved 1058816K
  class space    used 1073K, capacity 1141K, committed 1152K, reserved 1048576K
}
Event: 165.704 GC heap before
{Heap before GC invocations=1 (full 0):
 garbage-first heap   total 196608K, used 31764K [0x0000000080000000, 0x0000000100000000)
  region size 1024K, 25 young (25600K), 3 survivors (3072K)
 Metaspace       used 11212K, capacity 11442K, committed 11520K, reserved 1058816K
  class space    used 1174K, capacity 1246K, committed 1280K, reserved 1048576K
}
Event: 165.708 GC heap after
{Heap after GC invocations=2 (full 0):
 garbage-first heap   total 196608K, used 9810K [0x0000000080000000, 0x0000000100000000)
  region size 1024K, 1 young (1024K), 1 survivors (1024K)
 Metaspace       used 11212K, capacity 11442K, committed 11520K, reserved 1058816K
  class space    used 1174K, capacity 1246K, committed 1280K, reserved 1048576K
}
Event: 254.673 GC heap before
{Heap before GC invocations=2 (full 0):
 garbage-first heap   total 196608K, used 63058K [0x0000000080000000, 0x0000000100000000)
  region size 1024K, 53 young (54272K), 1 survivors (1024K)
 Metaspace       used 18018K, capacity 18350K, committed 18432K, reserved 1064960K
  class space    used 2143K, capacity 2253K, committed 2304K, reserved 1048576K
}
Event: 254.777 GC heap after
{Heap after GC invocations=3 (full 0):
 garbage-first heap   total 196608K, used 16045K [0x0000000080000000, 0x0000000100000000)
  region size 1024K, 7 young (7168K), 7 survivors (7168K)
 Metaspace       used 18018K, capacity 18350K, committed 18432K, reserved 1064960K
  class space    used 2143K, capacity 2253K, committed 2304K, reserved 1048576K
}
Event: 255.647 GC heap before
{Heap before GC invocations=3 (full 0):
 garbage-first heap   total 196608K, used 37549K [0x0000000080000000, 0x0000000100000000)
  region size 1024K, 29 young (29696K), 7 survivors (7168K)
 Metaspace       used 20729K, capacity 21109K, committed 21296K, reserved 1069056K
  class space    used 2532K, capacity 2661K, committed 2688K, reserved 1048576K
}
Event: 255.660 GC heap after
{Heap after GC invocations=4 (full 0):
 garbage-first heap   total 196608K, used 16814K [0x0000000080000000, 0x0000000100000000)
  region size 1024K, 1 young (1024K), 1 survivors (1024K)
 Metaspace       used 20729K, capacity 21109K, committed 21296K, reserved 1069056K
  class space    used 2532K, capacity 2661K, committed 2688K, reserved 1048576K
}
Event: 258.608 GC heap before
{Heap before GC invocations=5 (full 0):
 garbage-first heap   total 196608K, used 89518K [0x0000000080000000, 0x0000000100000000)
  region size 1024K, 73 young (74752K), 1 survivors (1024K)
 Metaspace       used 27866K, capacity 28463K, committed 28544K, reserved 1073152K
  class space    used 3678K, capacity 3908K, committed 3968K, reserved 1048576K
}
Event: 258.624 GC heap after
{Heap after GC invocations=6 (full 0):
 garbage-first heap   total 196608K, used 19406K [0x0000000080000000, 0x0000000100000000)
  region size 1024K, 4 young (4096K), 4 survivors (4096K)
 Metaspace       used 27866K, capacity 28463K, committed 28544K, reserved 1073152K
  class space    used 3678K, capacity 3908K, committed 3968K, reserved 1048576K
}

Deoptimization events (20 events):
Event: 257.105 Thread 0x000001c529de7800 Uncommon trap: trap_request=0xffffffde fr.pc=0x000001c5185c9024 relative=0x00000000000002e4
Event: 257.105 Thread 0x000001c529de7800 Uncommon trap: reason=class_check action=maybe_recompile pc=0x000001c5185c9024 method=java.util.Collections$SetFromMap.remove(Ljava/lang/Object;)Z @ 5 c2
Event: 257.105 Thread 0x000001c529de7800 DEOPT PACKING pc=0x000001c5185c9024 sp=0x00000052493fc6e0
Event: 257.105 Thread 0x000001c529de7800 DEOPT UNPACKING pc=0x000001c510a2662f sp=0x00000052493fc6d8 mode 2
Event: 257.105 Thread 0x000001c529de7800 Uncommon trap: trap_request=0xffffffde fr.pc=0x000001c5185c9024 relative=0x00000000000002e4
Event: 257.105 Thread 0x000001c529de7800 Uncommon trap: reason=class_check action=maybe_recompile pc=0x000001c5185c9024 method=java.util.Collections$SetFromMap.remove(Ljava/lang/Object;)Z @ 5 c2
Event: 257.105 Thread 0x000001c529de7800 DEOPT PACKING pc=0x000001c5185c9024 sp=0x00000052493fc670
Event: 257.105 Thread 0x000001c529de7800 DEOPT UNPACKING pc=0x000001c510a2662f sp=0x00000052493fc668 mode 2
Event: 257.137 Thread 0x000001c529de7800 Uncommon trap: trap_request=0xffffff4d fr.pc=0x000001c5184f52a8 relative=0x0000000000000468
Event: 257.141 Thread 0x000001c529de7800 Uncommon trap: reason=unstable_if action=reinterpret pc=0x000001c5184f52a8 method=java.util.Properties$LineReader.readLine()I @ 249 c2
Event: 257.141 Thread 0x000001c529de7800 DEOPT PACKING pc=0x000001c5184f52a8 sp=0x00000052493fbab0
Event: 257.141 Thread 0x000001c529de7800 DEOPT UNPACKING pc=0x000001c510a2662f sp=0x00000052493fba40 mode 2
Event: 258.147 Thread 0x000001c529de7800 Uncommon trap: trap_request=0xffffff4d fr.pc=0x000001c51859ca4c relative=0x000000000000020c
Event: 258.147 Thread 0x000001c529de7800 Uncommon trap: reason=unstable_if action=reinterpret pc=0x000001c51859ca4c method=java.util.HashMap.hash(Ljava/lang/Object;)I @ 1 c2
Event: 258.147 Thread 0x000001c529de7800 DEOPT PACKING pc=0x000001c51859ca4c sp=0x00000052493f95a0
Event: 258.147 Thread 0x000001c529de7800 DEOPT UNPACKING pc=0x000001c510a2662f sp=0x00000052493f94d8 mode 2
Event: 258.147 Thread 0x000001c529de7800 Uncommon trap: trap_request=0xffffff4d fr.pc=0x000001c51857bb2c relative=0x000000000000008c
Event: 258.147 Thread 0x000001c529de7800 Uncommon trap: reason=unstable_if action=reinterpret pc=0x000001c51857bb2c method=java.util.HashMap.hash(Ljava/lang/Object;)I @ 1 c2
Event: 258.147 Thread 0x000001c529de7800 DEOPT PACKING pc=0x000001c51857bb2c sp=0x00000052493f9310
Event: 258.147 Thread 0x000001c529de7800 DEOPT UNPACKING pc=0x000001c510a2662f sp=0x00000052493f92a8 mode 2

Classes redefined (0 events):
No events

Internal exceptions (20 events):
Event: 255.721 Thread 0x000001c529de7800 Exception <a 'java/lang/IncompatibleClassChangeError'{0x000000008beba6d8}: Found class java.lang.Object, but interface was expected> (0x000000008beba6d8) thrown at [./src/hotspot/share/interpreter/linkResolver.cpp, line 839]
Event: 255.780 Thread 0x000001c529de7800 Exception <a 'java/lang/NoSuchMethodError'{0x000000008bb42278}: 'void java.lang.invoke.DirectMethodHandle$Holder.invokeStatic(java.lang.Object, java.lang.Object, java.lang.Object, java.lang.Object, java.lang.Object)'> (0x000000008bb42278) thrown at [./src/hotspot/share/interpreter/linkResolver.cpp, line 773]
Event: 255.949 Thread 0x000001c529de7800 Exception <a 'java/lang/NoSuchMethodError'{0x000000008b41cce8}: 'java.lang.Object java.lang.invoke.DirectMethodHandle$Holder.invokeSpecial(java.lang.Object, java.lang.Object, java.lang.Object, java.lang.Object, java.lang.Object, java.lang.Object, java.lang.Object, java.lang.Object, java.lang.Object)'> (0x000000008b41cce8) thrown at [./src/hotspot/share/interpreter/linkResolver.cpp, line 773]
Event: 256.093 Thread 0x000001c529de7800 Exception <a 'java/lang/NoSuchMethodError'{0x000000008aba4a78}: 'java.lang.Object java.lang.invoke.DirectMethodHandle$Holder.invokeVirtual(java.lang.Object, java.lang.Object, java.lang.Object, java.lang.Object)'> (0x000000008aba4a78) thrown at [./src/hotspot/share/interpreter/linkResolver.cpp, line 773]
Event: 256.319 Thread 0x000001c529de7800 Exception <a 'java/lang/NoSuchMethodError'{0x000000008a351770}: 'void java.lang.invoke.DirectMethodHandle$Holder.invokeSpecial(java.lang.Object, java.lang.Object, java.lang.Object, java.lang.Object, java.lang.Object, java.lang.Object)'> (0x000000008a351770) thrown at [./src/hotspot/share/interpreter/linkResolver.cpp, line 773]
Event: 256.335 Thread 0x000001c529de7800 Exception <a 'java/lang/NoSuchMethodError'{0x000000008a3c0e08}: 'void java.lang.invoke.DirectMethodHandle$Holder.invokeSpecial(java.lang.Object, java.lang.Object, java.lang.Object, java.lang.Object, java.lang.Object, java.lang.Object, java.lang.Object)'> (0x000000008a3c0e08) thrown at [./src/hotspot/share/interpreter/linkResolver.cpp, line 773]
Event: 256.336 Thread 0x000001c529de7800 Exception <a 'java/lang/NoSuchMethodError'{0x000000008a3c92f8}: 'java.lang.Object java.lang.invoke.Invokers$Holder.linkToTargetMethod(java.lang.Object, java.lang.Object, java.lang.Object, java.lang.Object, java.lang.Object, java.lang.Object)'> (0x000000008a3c92f8) thrown at [./src/hotspot/share/interpreter/linkResolver.cpp, line 773]
Event: 256.702 Thread 0x000001c529de7800 Exception <a 'java/lang/NoSuchMethodError'{0x0000000089935628}: 'int java.lang.invoke.DirectMethodHandle$Holder.invokeStaticInit(java.lang.Object, java.lang.Object, java.lang.Object)'> (0x0000000089935628) thrown at [./src/hotspot/share/interpreter/linkResolver.cpp, line 773]
Event: 256.847 Thread 0x000001c529de7800 Exception <a 'java/lang/NoSuchMethodError'{0x0000000089465088}: 'void java.lang.invoke.DirectMethodHandle$Holder.invokeStaticInit(java.lang.Object, java.lang.Object)'> (0x0000000089465088) thrown at [./src/hotspot/share/interpreter/linkResolver.cpp, line 773]
Event: 257.079 Thread 0x000001c529de7800 Exception <a 'java/lang/NoSuchMethodError'{0x0000000088fd0ce8}: 'void java.lang.invoke.DirectMethodHandle$Holder.invokeStatic(java.lang.Object, java.lang.Object, java.lang.Object, java.lang.Object)'> (0x0000000088fd0ce8) thrown at [./src/hotspot/share/interpreter/linkResolver.cpp, line 773]
Event: 257.082 Thread 0x000001c529de7800 Exception <a 'java/lang/NoSuchMethodError'{0x0000000088fe46b8}: 'int java.lang.invoke.DirectMethodHandle$Holder.invokeInterface(java.lang.Object, java.lang.Object)'> (0x0000000088fe46b8) thrown at [./src/hotspot/share/interpreter/linkResolver.cpp, line 773]
Event: 257.343 Thread 0x000001c529de7800 Exception <a 'java/lang/NoSuchMethodError'{0x00000000885abe60}: 'java.lang.Object java.lang.invoke.DirectMethodHandle$Holder.invokeSpecialIFC(java.lang.Object, java.lang.Object, java.lang.Object, java.lang.Object)'> (0x00000000885abe60) thrown at [./src/hotspot/share/interpreter/linkResolver.cpp, line 773]
Event: 257.358 Thread 0x000001c529de7800 Exception <a 'java/lang/NoSuchMethodError'{0x0000000088489d30}: 'java.lang.Object java.lang.invoke.DirectMethodHandle$Holder.invokeSpecial(java.lang.Object, java.lang.Object, java.lang.Object, java.lang.Object, java.lang.Object, java.lang.Object, java.lang.Object, java.lang.Object, java.lang.Object, java.lang.Object, java.lang.Object, java.lang.Object, java.lang.Object)'> (0x0000000088489d30) thrown at [./src/hotspot/share/interpreter/linkResolver.cpp, line 773]
Event: 257.360 Thread 0x000001c529de7800 Exception <a 'java/lang/NoSuchMethodError'{0x000000008849ab90}: 'java.lang.Object java.lang.invoke.DirectMethodHandle$Holder.invokeSpecial(java.lang.Object, java.lang.Object, java.lang.Object, java.lang.Object, java.lang.Object, java.lang.Object, java.lang.Object, java.lang.Object, java.lang.Object, java.lang.Object, java.lang.Object, java.lang.Object)'> (0x000000008849ab90) thrown at [./src/hotspot/share/interpreter/linkResolver.cpp, line 773]
Event: 257.953 Thread 0x000001c529de7800 Exception <a 'java/lang/NoSuchMethodError'{0x000000008849fcb8}: 'java.lang.Object java.lang.invoke.Invokers$Holder.linkToTargetMethod(java.lang.Object, java.lang.Object, java.lang.Object, java.lang.Object, java.lang.Object, java.lang.Object, java.lang.Object, java.lang.Object, java.lang.Object, java.lang.Object, java.lang.Object)'> (0x000000008849fcb8) thrown at [./src/hotspot/share/interpreter/linkResolver.cpp, line 773]
Event: 257.978 Thread 0x000001c529de7800 Exception <a 'java/lang/NoSuchMethodError'{0x0000000088268080}: 'java.lang.Object java.lang.invoke.DirectMethodHandle$Holder.invokeSpecial(java.lang.Object, java.lang.Object, java.lang.Object, java.lang.Object, java.lang.Object, java.lang.Object, java.lang.Object, java.lang.Object, java.lang.Object, java.lang.Object, java.lang.Object, java.lang.Object, java.lang.Object, java.lang.Object)'> (0x0000000088268080) thrown at [./src/hotspot/share/interpreter/linkResolver.cpp, line 773]
Event: 257.980 Thread 0x000001c529de7800 Exception <a 'java/lang/NoSuchMethodError'{0x00000000882796f8}: 'java.lang.Object java.lang.invoke.Invokers$Holder.linkToTargetMethod(java.lang.Object, java.lang.Object, java.lang.Object, java.lang.Object, java.lang.Object, java.lang.Object, java.lang.Object, java.lang.Object, java.lang.Object, java.lang.Object, java.lang.Object, java.lang.Object)'> (0x00000000882796f8) thrown at [./src/hotspot/share/interpreter/linkResolver.cpp, line 773]
Event: 257.990 Thread 0x000001c529de7800 Exception <a 'java/lang/NoSuchMethodError'{0x000000008810b058}: 'java.lang.Object java.lang.invoke.DirectMethodHandle$Holder.invokeStaticInit(java.lang.Object, java.lang.Object, java.lang.Object, java.lang.Object)'> (0x000000008810b058) thrown at [./src/hotspot/share/interpreter/linkResolver.cpp, line 773]
Event: 258.147 Thread 0x000001c529de7800 Implicit null exception at 0x000001c51859c875 to 0x000001c51859ca3c
Event: 258.147 Thread 0x000001c529de7800 Implicit null exception at 0x000001c51857baaf to 0x000001c51857bb1d

Events (20 events):
Event: 258.698 loading class org/gradle/internal/component/external/model/ModuleComponentResolveMetadata done
Event: 258.698 loading class org/gradle/api/Transformer
Event: 258.698 loading class org/gradle/api/Transformer done
Event: 258.698 loading class com/google/common/collect/Lists$TransformingSequentialList$1
Event: 258.698 loading class com/google/common/collect/Lists$TransformingSequentialList$1 done
Event: 258.698 loading class com/google/common/collect/TransformedListIterator
Event: 258.698 loading class com/google/common/collect/TransformedListIterator done
Event: 258.699 loading class com/google/common/collect/TransformedIterator
Event: 258.699 loading class com/google/common/collect/TransformedIterator done
Event: 258.712 Thread 0x000001c52a652800 Thread added: 0x000001c52a652800
Event: 258.715 loading class org/gradle/api/attributes/Category
Event: 258.715 loading class org/gradle/api/attributes/Category done
Event: 258.718 loading class org/gradle/api/internal/artifacts/ComponentMetadataProcessor
Event: 258.718 loading class org/gradle/api/internal/artifacts/ComponentMetadataProcessor done
Event: 258.720 loading class org/gradle/internal/rules/RuleActionValidator
Event: 258.720 loading class org/gradle/internal/rules/RuleActionValidator done
Event: 258.720 loading class org/gradle/internal/rules/RuleActionAdapter
Event: 258.720 loading class org/gradle/internal/rules/RuleActionAdapter done
Event: 258.723 loading class org/gradle/internal/rules/SpecRuleAction
Event: 258.723 loading class org/gradle/internal/rules/SpecRuleAction done


Dynamic libraries:
0x00007ff766650000 - 0x00007ff76665a000 	C:\Program Files\Android\Android Studio1\jre\bin\java.exe
0x00007ffc7cda0000 - 0x00007ffc7cfa9000 	C:\WINDOWS\SYSTEM32\ntdll.dll
0x00007ffc7bf60000 - 0x00007ffc7c01d000 	C:\WINDOWS\System32\KERNEL32.DLL
0x00007ffc7a620000 - 0x00007ffc7a999000 	C:\WINDOWS\System32\KERNELBASE.dll
0x00007ffc7a440000 - 0x00007ffc7a551000 	C:\WINDOWS\System32\ucrtbase.dll
0x00007ffc42c40000 - 0x00007ffc42c57000 	C:\Program Files\Android\Android Studio1\jre\bin\VCRUNTIME140.dll
0x00007ffc42780000 - 0x00007ffc42799000 	C:\Program Files\Android\Android Studio1\jre\bin\jli.dll
0x00007ffc7bad0000 - 0x00007ffc7bc7c000 	C:\WINDOWS\System32\USER32.dll
0x00007ffc7a9a0000 - 0x00007ffc7a9c6000 	C:\WINDOWS\System32\win32u.dll
0x00007ffc7c3e0000 - 0x00007ffc7c409000 	C:\WINDOWS\System32\GDI32.dll
0x00007ffc7a320000 - 0x00007ffc7a432000 	C:\WINDOWS\System32\gdi32full.dll
0x00007ffc7a280000 - 0x00007ffc7a31d000 	C:\WINDOWS\System32\msvcp_win.dll
0x00007ffc4f4d0000 - 0x00007ffc4f775000 	C:\WINDOWS\WinSxS\amd64_microsoft.windows.common-controls_6595b64144ccf1df_6.0.22000.120_none_9d947278b86cc467\COMCTL32.dll
0x00007ffc7c170000 - 0x00007ffc7c213000 	C:\WINDOWS\System32\msvcrt.dll
0x00007ffc7ba10000 - 0x00007ffc7ba41000 	C:\WINDOWS\System32\IMM32.DLL
0x00007ffc1e2c0000 - 0x00007ffc1e35d000 	C:\Program Files\Android\Android Studio1\jre\bin\msvcp140.dll
0x00007ffbee6b0000 - 0x00007ffbef185000 	C:\Program Files\Android\Android Studio1\jre\bin\server\jvm.dll
0x00007ffc7b5d0000 - 0x00007ffc7b67e000 	C:\WINDOWS\System32\ADVAPI32.dll
0x00007ffc7c340000 - 0x00007ffc7c3de000 	C:\WINDOWS\System32\sechost.dll
0x00007ffc7be20000 - 0x00007ffc7bf40000 	C:\WINDOWS\System32\RPCRT4.dll
0x00007ffc7ba50000 - 0x00007ffc7ba58000 	C:\WINDOWS\System32\PSAPI.DLL
0x00007ffc6d680000 - 0x00007ffc6d689000 	C:\WINDOWS\SYSTEM32\WSOCK32.dll
0x00007ffc7c880000 - 0x00007ffc7c8ef000 	C:\WINDOWS\System32\WS2_32.dll
0x00007ffc745c0000 - 0x00007ffc745ca000 	C:\WINDOWS\SYSTEM32\VERSION.dll
0x00007ffc74e20000 - 0x00007ffc74e53000 	C:\WINDOWS\SYSTEM32\WINMM.dll
0x00007ffc79470000 - 0x00007ffc79488000 	C:\WINDOWS\SYSTEM32\kernel.appcore.dll
0x00007ffc6f910000 - 0x00007ffc6f921000 	C:\Program Files\Android\Android Studio1\jre\bin\verify.dll
0x00007ffc780c0000 - 0x00007ffc782e1000 	C:\WINDOWS\SYSTEM32\DBGHELP.DLL
0x00007ffc73750000 - 0x00007ffc73781000 	C:\WINDOWS\SYSTEM32\dbgcore.DLL
0x00007ffc7abb0000 - 0x00007ffc7ac2f000 	C:\WINDOWS\System32\bcryptPrimitives.dll
0x00007ffc6ed50000 - 0x00007ffc6ed79000 	C:\Program Files\Android\Android Studio1\jre\bin\java.dll
0x00007ffc75dd0000 - 0x00007ffc75ddb000 	C:\Program Files\Android\Android Studio1\jre\bin\jimage.dll
0x00007ffc6ed30000 - 0x00007ffc6ed48000 	C:\Program Files\Android\Android Studio1\jre\bin\zip.dll
0x00007ffc7acc0000 - 0x00007ffc7b478000 	C:\WINDOWS\System32\SHELL32.dll
0x00007ffc782f0000 - 0x00007ffc78b58000 	C:\WINDOWS\SYSTEM32\windows.storage.dll
0x00007ffc7b690000 - 0x00007ffc7ba09000 	C:\WINDOWS\System32\combase.dll
0x00007ffc77f50000 - 0x00007ffc780b6000 	C:\WINDOWS\SYSTEM32\wintypes.dll
0x00007ffc7b4e0000 - 0x00007ffc7b5ca000 	C:\WINDOWS\System32\SHCORE.dll
0x00007ffc7b480000 - 0x00007ffc7b4dd000 	C:\WINDOWS\System32\shlwapi.dll
0x00007ffc7a1b0000 - 0x00007ffc7a1d1000 	C:\WINDOWS\SYSTEM32\profapi.dll
0x00007ffc6ed10000 - 0x00007ffc6ed2a000 	C:\Program Files\Android\Android Studio1\jre\bin\net.dll
0x00007ffc74d10000 - 0x00007ffc74e1c000 	C:\WINDOWS\SYSTEM32\WINHTTP.dll
0x00007ffc798a0000 - 0x00007ffc79907000 	C:\WINDOWS\system32\mswsock.dll
0x00007ffc6ece0000 - 0x00007ffc6ecf4000 	C:\Program Files\Android\Android Studio1\jre\bin\nio.dll
0x00007ffc43ba0000 - 0x00007ffc43bc7000 	C:\Users\User\.gradle\native\e1d6ef7f7dcc3fd88c89a11ec53ec762bb8ba0a96d01ffa2cd45eb1d1d8dd5c5\windows-amd64\native-platform.dll
0x00007ffc221d0000 - 0x00007ffc22314000 	C:\Users\User\.gradle\native\5664cfc778a61ccfe75a443a1ab52a65af34e5dc3c78e0209fed803814484fcb\windows-amd64\native-platform-file-events.dll
0x00007ffc75300000 - 0x00007ffc7530a000 	C:\Program Files\Android\Android Studio1\jre\bin\management.dll
0x00007ffc6f900000 - 0x00007ffc6f90d000 	C:\Program Files\Android\Android Studio1\jre\bin\management_ext.dll
0x00007ffc79af0000 - 0x00007ffc79b08000 	C:\WINDOWS\SYSTEM32\CRYPTSP.dll
0x00007ffc793d0000 - 0x00007ffc79405000 	C:\WINDOWS\system32\rsaenh.dll
0x00007ffc79990000 - 0x00007ffc799b9000 	C:\WINDOWS\SYSTEM32\USERENV.dll
0x00007ffc79c60000 - 0x00007ffc79c87000 	C:\WINDOWS\SYSTEM32\bcrypt.dll
0x00007ffc79ae0000 - 0x00007ffc79aec000 	C:\WINDOWS\SYSTEM32\CRYPTBASE.dll
0x00007ffc78fa0000 - 0x00007ffc78fcd000 	C:\WINDOWS\SYSTEM32\IPHLPAPI.DLL
0x00007ffc7be10000 - 0x00007ffc7be19000 	C:\WINDOWS\System32\NSI.dll
0x00007ffc74ba0000 - 0x00007ffc74bb9000 	C:\WINDOWS\SYSTEM32\dhcpcsvc6.DLL
0x00007ffc758e0000 - 0x00007ffc758fe000 	C:\WINDOWS\SYSTEM32\dhcpcsvc.DLL
0x00007ffc78fd0000 - 0x00007ffc790b8000 	C:\WINDOWS\SYSTEM32\DNSAPI.dll

dbghelp: loaded successfully - version: 4.0.5 - missing functions: none
symbol engine: initialized successfully - sym options: 0x614 - pdb path: .;C:\Program Files\Android\Android Studio1\jre\bin;C:\WINDOWS\SYSTEM32;C:\WINDOWS\WinSxS\amd64_microsoft.windows.common-controls_6595b64144ccf1df_6.0.22000.120_none_9d947278b86cc467;C:\Program Files\Android\Android Studio1\jre\bin\server;C:\Users\User\.gradle\native\e1d6ef7f7dcc3fd88c89a11ec53ec762bb8ba0a96d01ffa2cd45eb1d1d8dd5c5\windows-amd64;C:\Users\User\.gradle\native\5664cfc778a61ccfe75a443a1ab52a65af34e5dc3c78e0209fed803814484fcb\windows-amd64

VM Arguments:
jvm_args: --add-opens=java.base/java.util=ALL-UNNAMED --add-opens=java.base/java.lang=ALL-UNNAMED --add-opens=java.base/java.lang.invoke=ALL-UNNAMED --add-opens=java.base/java.util=ALL-UNNAMED --add-opens=java.prefs/java.util.prefs=ALL-UNNAMED --add-opens=java.prefs/java.util.prefs=ALL-UNNAMED --add-opens=java.base/java.nio.charset=ALL-UNNAMED --add-opens=java.base/java.net=ALL-UNNAMED --add-opens=java.base/java.util.concurrent.atomic=ALL-UNNAMED -Xmx2048m -Dfile.encoding=UTF-8 -Duser.country=SG -Duser.language=en -Duser.variant 
java_command: org.gradle.launcher.daemon.bootstrap.GradleDaemon 7.2
java_class_path (initial): C:\Users\User\.gradle\wrapper\dists\gradle-7.2-bin\2dnblmf4td7x66yl1d74lt32g\gradle-7.2\lib\gradle-launcher-7.2.jar
Launcher Type: SUN_STANDARD

[Global flags]
     intx CICompilerCount                          = 4                                         {product} {ergonomic}
     uint ConcGCThreads                            = 2                                         {product} {ergonomic}
     uint G1ConcRefinementThreads                  = 8                                         {product} {ergonomic}
   size_t G1HeapRegionSize                         = 1048576                                   {product} {ergonomic}
    uintx GCDrainStackTargetSize                   = 64                                        {product} {ergonomic}
   size_t InitialHeapSize                          = 201326592                                 {product} {ergonomic}
   size_t MarkStackSize                            = 4194304                                   {product} {ergonomic}
   size_t MaxHeapSize                              = 2147483648                                {product} {command line}
   size_t MaxNewSize                               = 1287651328                                {product} {ergonomic}
   size_t MinHeapDeltaBytes                        = 1048576                                   {product} {ergonomic}
    uintx NonNMethodCodeHeapSize                   = 5836300                                {pd product} {ergonomic}
    uintx NonProfiledCodeHeapSize                  = 122910970                              {pd product} {ergonomic}
    uintx ProfiledCodeHeapSize                     = 122910970                              {pd product} {ergonomic}
    uintx ReservedCodeCacheSize                    = 251658240                              {pd product} {ergonomic}
     bool SegmentedCodeCache                       = true                                      {product} {ergonomic}
     bool UseCompressedClassPointers               = true                                 {lp64_product} {ergonomic}
     bool UseCompressedOops                        = true                                 {lp64_product} {ergonomic}
     bool UseG1GC                                  = true                                      {product} {ergonomic}
     bool UseLargePagesIndividualAllocation        = false                                  {pd product} {ergonomic}

Logging:
Log output configuration:
 #0: stdout all=warning uptime,level,tags
 #1: stderr all=off uptime,level,tags

Environment Variables:
PATH=C:\oraclexe\app\oracle\product\10.2.0\server\bin;C:\Program Files\Common Files\Oracle\Java\javapath;C:\Program Files (x86)\Intel\iCLS Client\;C:\Program Files\Intel\iCLS Client\;C:\Windows\system32;C:\Windows;C:\Windows\System32\Wbem;C:\Windows\System32\WindowsPowerShell\v1.0\;C:\Windows\System32\OpenSSH\;C:\Program Files (x86)\Intel\Intel(R) Management Engine Components\DAL;C:\Program Files\Intel\Intel(R) Management Engine Components\DAL;C:\Program Files (x86)\Intel\Intel(R) Management Engine Components\IPT;C:\Program Files\Intel\Intel(R) Management Engine Components\IPT;C:\Program Files (x86)\NVIDIA Corporation\PhysX\Common;C:\Program Files\Intel\WiFi\bin\;C:\Program Files\Common Files\Intel\WirelessCommon\;C:\Program Files (x86)\Common Files\Acronis\VirtualFile\;C:\Program Files (x86)\Common Files\Acronis\VirtualFile64\;C:\Program Files (x86)\Common Files\Acronis\SnapAPI\;C:\Program Files (x86)\CodeBlocks\MinGW\bin;C:\WINDOWS\system32;C:\WINDOWS;C:\WINDOWS\System32\Wbem;C:\WINDOWS\System32\WindowsPowerShell\v1.0\;C:\WINDOWS\System32\OpenSSH\;C:\Program Files\Java\jdk-16\bin;C:\msys64\mingw64\bin;C:\Program Files\Git\cmd;C:\Program Files\Microsoft\Web Platform Installer\;C:\Program Files (x86)\Microsoft ASP.NET\ASP.NET Web Pages\v1.0\;C:\Program Files (x86)\Windows Kits\8.0\Windows Performance Toolkit\;C:\Program Files\Microsoft SQL Server\110\Tools\Binn\;C:\Program Files\Microsoft SQL Server\150\Tools\Binn\;C:\Program Files\Microsoft SQL Server\Client SDK\ODBC\170\Tools\Binn\;C:\Program Files\dotnet\;C:\Users\User\AppData\Local\Programs\Python\Python37-32\Scripts\;C:\Users\User\AppData\Local\Programs\Python\Python37-32\;C:\Users\User\AppData\Local\Microsoft\WindowsApps;C:\Users\User\AppData\Local\Programs\Microsoft VS Code\bin;C:\Users\User\AppData\Local\atom\bin;C:\Users\User\AppData\Local\Microsoft\WindowsApps;C:\Program Files\CodeBlocks\MinGW\bin;C:\Users\User\.dotnet\tools
USERNAME=User
OS=Windows_NT
PROCESSOR_IDENTIFIER=Intel64 Family 6 Model 142 Stepping 10, GenuineIntel



---------------  S Y S T E M  ---------------

OS: Windows 10 , 64 bit Build 22000 (10.0.22000.708)
OS uptime: 10 days 9:22 hours

CPU:total 8 (initial active 8) (4 cores per cpu, 2 threads per core) family 6 model 142 stepping 10 microcode 0xe0, cmov, cx8, fxsr, mmx, sse, sse2, sse3, ssse3, sse4.1, sse4.2, popcnt, avx, avx2, aes, clmul, erms, 3dnowpref, lzcnt, ht, tsc, tscinvbit, bmi1, bmi2, adx, fma

Memory: 4k page, system-wide physical 12166M (1416M free)
TotalPageFile size 22122M (AvailPageFile size 9M)
current process WorkingSet (physical memory assigned to process): 215M, peak: 221M
current process commit charge ("private bytes"): 358M, peak: 366M

vm_info: OpenJDK 64-Bit Server VM (11.0.11+9-b60-7590822) for windows-amd64 JRE (11.0.11+9-b60-7590822), built on Jul 29 2021 21:43:44 by "builder" with MS VC++ 14.0 (VS2015)

END.
