#
# There is insufficient memory for the Java Runtime Environment to continue.
# Native memory allocation (malloc) failed to allocate 1138096 bytes for Chunk::new
# Possible reasons:
#   The system is out of physical RAM or swap space
#   The process is running with CompressedOops enabled, and the Java Heap may be blocking the growth of the native heap
# Possible solutions:
#   Reduce memory load on the system
#   Increase physical memory or swap space
#   Check if swap backing store is full
#   Decrease Java heap size (-Xmx/-Xms)
#   Decrease number of Java threads
#   Decrease Java thread stack sizes (-Xss)
#   Set larger code cache with -XX:ReservedCodeCacheSize=
#   JVM is running with Unscaled Compressed Oops mode in which the Java heap is
#     placed in the first 4GB address space. The Java Heap base address is the
#     maximum limit for the native heap growth. Please use -XX:HeapBaseMinAddress
#     to set the Java Heap base and to place the Java Heap above 4GB virtual address.
# This output file may be truncated or incomplete.
#
#  Out of Memory Error (./src/hotspot/share/memory/arena.cpp:197), pid=7444, tid=12612
#
# JRE version: OpenJDK Runtime Environment (11.0.11+9) (build 11.0.11+9-b60-7590822)
# Java VM: OpenJDK 64-Bit Server VM (11.0.11+9-b60-7590822, mixed mode, tiered, compressed oops, g1 gc, windows-amd64)
# No core dump will be written. Minidumps are not enabled by default on client versions of Windows
#

---------------  S U M M A R Y ------------

Command Line: --add-opens=java.base/java.util=ALL-UNNAMED --add-opens=java.base/java.lang=ALL-UNNAMED --add-opens=java.base/java.lang.invoke=ALL-UNNAMED --add-opens=java.base/java.util=ALL-UNNAMED --add-opens=java.prefs/java.util.prefs=ALL-UNNAMED --add-opens=java.prefs/java.util.prefs=ALL-UNNAMED --add-opens=java.base/java.nio.charset=ALL-UNNAMED --add-opens=java.base/java.net=ALL-UNNAMED --add-opens=java.base/java.util.concurrent.atomic=ALL-UNNAMED -Xmx2048m -Dfile.encoding=UTF-8 -Duser.country=SG -Duser.language=en -Duser.variant org.gradle.launcher.daemon.bootstrap.GradleDaemon 7.2

Host: Intel(R) Core(TM) i5-8250U CPU @ 1.60GHz, 8 cores, 11G,  Windows 10 , 64 bit Build 22000 (10.0.22000.708)
Time: Sun Jun 26 21:36:10 2022 Bangladesh Standard Time elapsed time: 250.044886 seconds (0d 0h 4m 10s)

---------------  T H R E A D  ---------------

Current thread (0x0000021582a65000):  JavaThread "C2 CompilerThread0" daemon [_thread_in_native, id=12612, stack(0x000000cac1100000,0x000000cac1200000)]


Current CompileTask:
C2: 250045 2215       4       java.net.URLClassLoader$1::run (5 bytes)

Stack: [0x000000cac1100000,0x000000cac1200000]
Native frames: (J=compiled Java code, j=interpreted, Vv=VM code, C=native code)
V  [jvm.dll+0x5f214a]
V  [jvm.dll+0x726fb5]
V  [jvm.dll+0x7285cd]
V  [jvm.dll+0x728c83]
V  [jvm.dll+0x243278]
V  [jvm.dll+0xbc53c]
V  [jvm.dll+0xbca3c]
V  [jvm.dll+0x2b5c34]
V  [jvm.dll+0x508488]
V  [jvm.dll+0x203d53]
V  [jvm.dll+0x1fdbac]
V  [jvm.dll+0x1fb35f]
V  [jvm.dll+0x183d6c]
V  [jvm.dll+0x209a57]
V  [jvm.dll+0x2082a1]
V  [jvm.dll+0x6ef58f]
V  [jvm.dll+0x6e80b5]
V  [jvm.dll+0x5f1036]
C  [ucrtbase.dll+0x26c0c]
C  [KERNEL32.DLL+0x154e0]
C  [ntdll.dll+0x485b]


---------------  P R O C E S S  ---------------

Threads class SMR info:
_java_thread_list=0x0000021585234720, length=26, elements={
0x00000215e7c52800, 0x0000021582a00800, 0x0000021582a03000, 0x0000021582a5f000,
0x0000021582a60000, 0x0000021582a62000, 0x0000021582a65000, 0x0000021582a66000,
0x0000021582a69800, 0x0000021582bcb800, 0x00000215846c7800, 0x0000021583472800,
0x00000215837c1000, 0x0000021583b86000, 0x0000021584c38800, 0x0000021584c69000,
0x0000021584b62800, 0x0000021583d7e800, 0x00000215e5991800, 0x0000021583fd9000,
0x0000021583fde000, 0x0000021583fda000, 0x0000021583fde800, 0x0000021583fdf800,
0x0000021583fda800, 0x00000215846b2800
}

Java Threads: ( => current thread )
  0x00000215e7c52800 JavaThread "main" [_thread_blocked, id=22692, stack(0x000000cac0500000,0x000000cac0600000)]
  0x0000021582a00800 JavaThread "Reference Handler" daemon [_thread_blocked, id=1648, stack(0x000000cac0c00000,0x000000cac0d00000)]
  0x0000021582a03000 JavaThread "Finalizer" daemon [_thread_blocked, id=31024, stack(0x000000cac0d00000,0x000000cac0e00000)]
  0x0000021582a5f000 JavaThread "Signal Dispatcher" daemon [_thread_blocked, id=22600, stack(0x000000cac0e00000,0x000000cac0f00000)]
  0x0000021582a60000 JavaThread "Attach Listener" daemon [_thread_blocked, id=23888, stack(0x000000cac0f00000,0x000000cac1000000)]
  0x0000021582a62000 JavaThread "Service Thread" daemon [_thread_blocked, id=22784, stack(0x000000cac1000000,0x000000cac1100000)]
=>0x0000021582a65000 JavaThread "C2 CompilerThread0" daemon [_thread_in_native, id=12612, stack(0x000000cac1100000,0x000000cac1200000)]
  0x0000021582a66000 JavaThread "C1 CompilerThread0" daemon [_thread_blocked, id=17460, stack(0x000000cac1200000,0x000000cac1300000)]
  0x0000021582a69800 JavaThread "Sweeper thread" daemon [_thread_blocked, id=4136, stack(0x000000cac1300000,0x000000cac1400000)]
  0x0000021582bcb800 JavaThread "Common-Cleaner" daemon [_thread_blocked, id=10340, stack(0x000000cac1400000,0x000000cac1500000)]
  0x00000215846c7800 JavaThread "Daemon health stats" [_thread_blocked, id=26808, stack(0x000000cac1600000,0x000000cac1700000)]
  0x0000021583472800 JavaThread "Incoming local TCP Connector on port 8397" [_thread_in_native, id=34048, stack(0x000000cac1900000,0x000000cac1a00000)]
  0x00000215837c1000 JavaThread "Daemon periodic checks" [_thread_blocked, id=11452, stack(0x000000cac1a00000,0x000000cac1b00000)]
  0x0000021583b86000 JavaThread "Daemon" [_thread_blocked, id=22152, stack(0x000000cac1b00000,0x000000cac1c00000)]
  0x0000021584c38800 JavaThread "Handler for socket connection from /127.0.0.1:8397 to /127.0.0.1:8401" [_thread_in_native, id=16464, stack(0x000000cac1c00000,0x000000cac1d00000)]
  0x0000021584c69000 JavaThread "Cancel handler" [_thread_blocked, id=33708, stack(0x000000cac1d00000,0x000000cac1e00000)]
  0x0000021584b62800 JavaThread "Daemon worker" [_thread_in_vm, id=20032, stack(0x000000cac1e00000,0x000000cac1f00000)]
  0x0000021583d7e800 JavaThread "Asynchronous log dispatcher for DefaultDaemonConnection: socket connection from /127.0.0.1:8397 to /127.0.0.1:8401" [_thread_blocked, id=21276, stack(0x000000cac1f00000,0x000000cac2000000)]
  0x00000215e5991800 JavaThread "Stdin handler" [_thread_blocked, id=26912, stack(0x000000cac2000000,0x000000cac2100000)]
  0x0000021583fd9000 JavaThread "Daemon client event forwarder" [_thread_blocked, id=24824, stack(0x000000cac2100000,0x000000cac2200000)]
  0x0000021583fde000 JavaThread "Cache worker for journal cache (C:\Users\User\.gradle\caches\journal-1)" [_thread_blocked, id=11180, stack(0x000000cac2200000,0x000000cac2300000)]
  0x0000021583fda000 JavaThread "File lock request listener" [_thread_in_native, id=7748, stack(0x000000cac2300000,0x000000cac2400000)]
  0x0000021583fde800 JavaThread "Cache worker for file hash cache (C:\Users\User\.gradle\caches\7.2\fileHashes)" [_thread_blocked, id=25004, stack(0x000000cac2400000,0x000000cac2500000)]
  0x0000021583fdf800 JavaThread "File lock release action executor" [_thread_blocked, id=10880, stack(0x000000cac2500000,0x000000cac2600000)]
  0x0000021583fda800 JavaThread "Cache worker for file hash cache (C:\Users\User\Desktop\assignment 3\CityList\.gradle\7.2\fileHashes)" [_thread_blocked, id=26384, stack(0x000000cac2b00000,0x000000cac2c00000)]
  0x00000215846b2800 JavaThread "C2 CompilerThread1" daemon [_thread_in_native, id=11244, stack(0x000000cac2c00000,0x000000cac2d00000)]

Other Threads:
  0x00000215821fc800 VMThread "VM Thread" [stack: 0x000000cac0b00000,0x000000cac0c00000] [id=27912]
  0x0000021582c09800 WatcherThread [stack: 0x000000cac1500000,0x000000cac1600000] [id=2980]
  0x00000215e7c6a000 GCTaskThread "GC Thread#0" [stack: 0x000000cac0600000,0x000000cac0700000] [id=4900]
  0x00000215836cf800 GCTaskThread "GC Thread#1" [stack: 0x000000cac0200000,0x000000cac0300000] [id=21432]
  0x00000215836d0000 GCTaskThread "GC Thread#2" [stack: 0x000000cac0300000,0x000000cac0400000] [id=33784]
  0x00000215836b3800 GCTaskThread "GC Thread#3" [stack: 0x000000cac0400000,0x000000cac0500000] [id=22312]
  0x0000021583492800 GCTaskThread "GC Thread#4" [stack: 0x000000cac2600000,0x000000cac2700000] [id=5972]
  0x00000215836cb800 GCTaskThread "GC Thread#5" [stack: 0x000000cac2700000,0x000000cac2800000] [id=23616]
  0x00000215836cc000 GCTaskThread "GC Thread#6" [stack: 0x000000cac2800000,0x000000cac2900000] [id=7352]
  0x0000021584c18800 GCTaskThread "GC Thread#7" [stack: 0x000000cac2900000,0x000000cac2a00000] [id=11980]
  0x00000215e7c9d800 ConcurrentGCThread "G1 Main Marker" [stack: 0x000000cac0700000,0x000000cac0800000] [id=28248]
  0x00000215e7ca0800 ConcurrentGCThread "G1 Conc#0" [stack: 0x000000cac0800000,0x000000cac0900000] [id=4100]
  0x0000021584662800 ConcurrentGCThread "G1 Conc#1" [stack: 0x000000cac2a00000,0x000000cac2b00000] [id=24188]
  0x000002158204c800 ConcurrentGCThread "G1 Refine#0" [stack: 0x000000cac0900000,0x000000cac0a00000] [id=1964]
  0x000002158204d000 ConcurrentGCThread "G1 Young RemSet Sampling" [stack: 0x000000cac0a00000,0x000000cac0b00000] [id=12788]

Threads with active compile tasks:
C2 CompilerThread0 250099 2215       4       java.net.URLClassLoader$1::run (5 bytes)
C2 CompilerThread1 250099 2216   !   4       java.net.URLClassLoader$1::run (63 bytes)

VM state:not at safepoint (normal execution)

VM Mutex/Monitor currently owned by a thread: None

Heap address: 0x0000000080000000, size: 2048 MB, Compressed Oops mode: 32-bit
Narrow klass base: 0x0000000000000000, Narrow klass shift: 3
Compressed class space size: 1073741824 Address: 0x0000000100000000

Heap:
 garbage-first heap   total 196608K, used 58920K [0x0000000080000000, 0x0000000100000000)
  region size 1024K, 53 young (54272K), 11 survivors (11264K)
 Metaspace       used 24945K, capacity 25489K, committed 25648K, reserved 1071104K
  class space    used 3205K, capacity 3400K, committed 3456K, reserved 1048576K
Heap Regions: E=young(eden), S=young(survivor), O=old, HS=humongous(starts), HC=humongous(continues), CS=collection set, F=free, A=archive, TAMS=top-at-mark-start (previous, next)
|   0|0x0000000080000000, 0x0000000080000000, 0x0000000080100000|  0%| F|  |TAMS 0x0000000080000000, 0x0000000080000000| Untracked 
|   1|0x0000000080100000, 0x0000000080100000, 0x0000000080200000|  0%| F|  |TAMS 0x0000000080100000, 0x0000000080100000| Untracked 
|   2|0x0000000080200000, 0x0000000080200000, 0x0000000080300000|  0%| F|  |TAMS 0x0000000080200000, 0x0000000080200000| Untracked 
|   3|0x0000000080300000, 0x0000000080400000, 0x0000000080400000|100%|HS|  |TAMS 0x0000000080400000, 0x0000000080300000| Complete 
|   4|0x0000000080400000, 0x0000000080500000, 0x0000000080500000|100%|HC|  |TAMS 0x0000000080500000, 0x0000000080400000| Complete 
|   5|0x0000000080500000, 0x0000000080600000, 0x0000000080600000|100%|HC|  |TAMS 0x0000000080600000, 0x0000000080500000| Complete 
|   6|0x0000000080600000, 0x0000000080700000, 0x0000000080700000|100%| O|  |TAMS 0x0000000080700000, 0x0000000080600000| Untracked 
|   7|0x0000000080700000, 0x0000000080800000, 0x0000000080800000|100%| O|  |TAMS 0x0000000080800000, 0x0000000080700000| Untracked 
|   8|0x0000000080800000, 0x0000000080900000, 0x0000000080900000|100%| O|  |TAMS 0x0000000080900000, 0x0000000080800000| Untracked 
|   9|0x0000000080900000, 0x000000008095e000, 0x0000000080a00000| 36%| O|  |TAMS 0x000000008095e000, 0x0000000080900000| Untracked 
|  10|0x0000000080a00000, 0x0000000080a00000, 0x0000000080b00000|  0%| F|  |TAMS 0x0000000080a00000, 0x0000000080a00000| Untracked 
|  11|0x0000000080b00000, 0x0000000080b00000, 0x0000000080c00000|  0%| F|  |TAMS 0x0000000080b00000, 0x0000000080b00000| Untracked 
|  12|0x0000000080c00000, 0x0000000080c00000, 0x0000000080d00000|  0%| F|  |TAMS 0x0000000080c00000, 0x0000000080c00000| Untracked 
|  13|0x0000000080d00000, 0x0000000080d00000, 0x0000000080e00000|  0%| F|  |TAMS 0x0000000080d00000, 0x0000000080d00000| Untracked 
|  14|0x0000000080e00000, 0x0000000080e00000, 0x0000000080f00000|  0%| F|  |TAMS 0x0000000080e00000, 0x0000000080e00000| Untracked 
|  15|0x0000000080f00000, 0x0000000080f00000, 0x0000000081000000|  0%| F|  |TAMS 0x0000000080f00000, 0x0000000080f00000| Untracked 
|  16|0x0000000081000000, 0x0000000081000000, 0x0000000081100000|  0%| F|  |TAMS 0x0000000081000000, 0x0000000081000000| Untracked 
|  17|0x0000000081100000, 0x0000000081100000, 0x0000000081200000|  0%| F|  |TAMS 0x0000000081100000, 0x0000000081100000| Untracked 
|  18|0x0000000081200000, 0x0000000081200000, 0x0000000081300000|  0%| F|  |TAMS 0x0000000081200000, 0x0000000081200000| Untracked 
|  19|0x0000000081300000, 0x0000000081300000, 0x0000000081400000|  0%| F|  |TAMS 0x0000000081300000, 0x0000000081300000| Untracked 
|  20|0x0000000081400000, 0x0000000081400000, 0x0000000081500000|  0%| F|  |TAMS 0x0000000081400000, 0x0000000081400000| Untracked 
|  21|0x0000000081500000, 0x0000000081500000, 0x0000000081600000|  0%| F|  |TAMS 0x0000000081500000, 0x0000000081500000| Untracked 
|  22|0x0000000081600000, 0x0000000081600000, 0x0000000081700000|  0%| F|  |TAMS 0x0000000081600000, 0x0000000081600000| Untracked 
|  23|0x0000000081700000, 0x0000000081700000, 0x0000000081800000|  0%| F|  |TAMS 0x0000000081700000, 0x0000000081700000| Untracked 
|  24|0x0000000081800000, 0x0000000081800000, 0x0000000081900000|  0%| F|  |TAMS 0x0000000081800000, 0x0000000081800000| Untracked 
|  25|0x0000000081900000, 0x0000000081900000, 0x0000000081a00000|  0%| F|  |TAMS 0x0000000081900000, 0x0000000081900000| Untracked 
|  26|0x0000000081a00000, 0x0000000081a00000, 0x0000000081b00000|  0%| F|  |TAMS 0x0000000081a00000, 0x0000000081a00000| Untracked 
|  27|0x0000000081b00000, 0x0000000081b00000, 0x0000000081c00000|  0%| F|  |TAMS 0x0000000081b00000, 0x0000000081b00000| Untracked 
|  28|0x0000000081c00000, 0x0000000081c00000, 0x0000000081d00000|  0%| F|  |TAMS 0x0000000081c00000, 0x0000000081c00000| Untracked 
|  29|0x0000000081d00000, 0x0000000081d00000, 0x0000000081e00000|  0%| F|  |TAMS 0x0000000081d00000, 0x0000000081d00000| Untracked 
|  30|0x0000000081e00000, 0x0000000081e00000, 0x0000000081f00000|  0%| F|  |TAMS 0x0000000081e00000, 0x0000000081e00000| Untracked 
|  31|0x0000000081f00000, 0x0000000081f00000, 0x0000000082000000|  0%| F|  |TAMS 0x0000000081f00000, 0x0000000081f00000| Untracked 
|  32|0x0000000082000000, 0x0000000082000000, 0x0000000082100000|  0%| F|  |TAMS 0x0000000082000000, 0x0000000082000000| Untracked 
|  33|0x0000000082100000, 0x0000000082100000, 0x0000000082200000|  0%| F|  |TAMS 0x0000000082100000, 0x0000000082100000| Untracked 
|  34|0x0000000082200000, 0x0000000082200000, 0x0000000082300000|  0%| F|  |TAMS 0x0000000082200000, 0x0000000082200000| Untracked 
|  35|0x0000000082300000, 0x0000000082300000, 0x0000000082400000|  0%| F|  |TAMS 0x0000000082300000, 0x0000000082300000| Untracked 
|  36|0x0000000082400000, 0x0000000082400000, 0x0000000082500000|  0%| F|  |TAMS 0x0000000082400000, 0x0000000082400000| Untracked 
|  37|0x0000000082500000, 0x0000000082500000, 0x0000000082600000|  0%| F|  |TAMS 0x0000000082500000, 0x0000000082500000| Untracked 
|  38|0x0000000082600000, 0x0000000082600000, 0x0000000082700000|  0%| F|  |TAMS 0x0000000082600000, 0x0000000082600000| Untracked 
|  39|0x0000000082700000, 0x0000000082700000, 0x0000000082800000|  0%| F|  |TAMS 0x0000000082700000, 0x0000000082700000| Untracked 
|  40|0x0000000082800000, 0x0000000082800000, 0x0000000082900000|  0%| F|  |TAMS 0x0000000082800000, 0x0000000082800000| Untracked 
|  41|0x0000000082900000, 0x0000000082900000, 0x0000000082a00000|  0%| F|  |TAMS 0x0000000082900000, 0x0000000082900000| Untracked 
|  42|0x0000000082a00000, 0x0000000082a00000, 0x0000000082b00000|  0%| F|  |TAMS 0x0000000082a00000, 0x0000000082a00000| Untracked 
|  43|0x0000000082b00000, 0x0000000082b00000, 0x0000000082c00000|  0%| F|  |TAMS 0x0000000082b00000, 0x0000000082b00000| Untracked 
|  44|0x0000000082c00000, 0x0000000082c00000, 0x0000000082d00000|  0%| F|  |TAMS 0x0000000082c00000, 0x0000000082c00000| Untracked 
|  45|0x0000000082d00000, 0x0000000082d00000, 0x0000000082e00000|  0%| F|  |TAMS 0x0000000082d00000, 0x0000000082d00000| Untracked 
|  46|0x0000000082e00000, 0x0000000082e00000, 0x0000000082f00000|  0%| F|  |TAMS 0x0000000082e00000, 0x0000000082e00000| Untracked 
|  47|0x0000000082f00000, 0x0000000082f00000, 0x0000000083000000|  0%| F|  |TAMS 0x0000000082f00000, 0x0000000082f00000| Untracked 
|  48|0x0000000083000000, 0x0000000083000000, 0x0000000083100000|  0%| F|  |TAMS 0x0000000083000000, 0x0000000083000000| Untracked 
|  49|0x0000000083100000, 0x0000000083100000, 0x0000000083200000|  0%| F|  |TAMS 0x0000000083100000, 0x0000000083100000| Untracked 
|  50|0x0000000083200000, 0x0000000083200000, 0x0000000083300000|  0%| F|  |TAMS 0x0000000083200000, 0x0000000083200000| Untracked 
|  51|0x0000000083300000, 0x0000000083300000, 0x0000000083400000|  0%| F|  |TAMS 0x0000000083300000, 0x0000000083300000| Untracked 
|  52|0x0000000083400000, 0x0000000083400000, 0x0000000083500000|  0%| F|  |TAMS 0x0000000083400000, 0x0000000083400000| Untracked 
|  53|0x0000000083500000, 0x0000000083500000, 0x0000000083600000|  0%| F|  |TAMS 0x0000000083500000, 0x0000000083500000| Untracked 
|  54|0x0000000083600000, 0x0000000083600000, 0x0000000083700000|  0%| F|  |TAMS 0x0000000083600000, 0x0000000083600000| Untracked 
|  55|0x0000000083700000, 0x0000000083700000, 0x0000000083800000|  0%| F|  |TAMS 0x0000000083700000, 0x0000000083700000| Untracked 
|  56|0x0000000083800000, 0x0000000083800000, 0x0000000083900000|  0%| F|  |TAMS 0x0000000083800000, 0x0000000083800000| Untracked 
|  57|0x0000000083900000, 0x0000000083900000, 0x0000000083a00000|  0%| F|  |TAMS 0x0000000083900000, 0x0000000083900000| Untracked 
|  58|0x0000000083a00000, 0x0000000083a00000, 0x0000000083b00000|  0%| F|  |TAMS 0x0000000083a00000, 0x0000000083a00000| Untracked 
|  59|0x0000000083b00000, 0x0000000083b00000, 0x0000000083c00000|  0%| F|  |TAMS 0x0000000083b00000, 0x0000000083b00000| Untracked 
|  60|0x0000000083c00000, 0x0000000083c00000, 0x0000000083d00000|  0%| F|  |TAMS 0x0000000083c00000, 0x0000000083c00000| Untracked 
|  61|0x0000000083d00000, 0x0000000083d00000, 0x0000000083e00000|  0%| F|  |TAMS 0x0000000083d00000, 0x0000000083d00000| Untracked 
|  62|0x0000000083e00000, 0x0000000083e00000, 0x0000000083f00000|  0%| F|  |TAMS 0x0000000083e00000, 0x0000000083e00000| Untracked 
|  63|0x0000000083f00000, 0x0000000083f00000, 0x0000000084000000|  0%| F|  |TAMS 0x0000000083f00000, 0x0000000083f00000| Untracked 
|  64|0x0000000084000000, 0x0000000084000000, 0x0000000084100000|  0%| F|  |TAMS 0x0000000084000000, 0x0000000084000000| Untracked 
|  65|0x0000000084100000, 0x0000000084100000, 0x0000000084200000|  0%| F|  |TAMS 0x0000000084100000, 0x0000000084100000| Untracked 
|  66|0x0000000084200000, 0x0000000084200000, 0x0000000084300000|  0%| F|  |TAMS 0x0000000084200000, 0x0000000084200000| Untracked 
|  67|0x0000000084300000, 0x0000000084300000, 0x0000000084400000|  0%| F|  |TAMS 0x0000000084300000, 0x0000000084300000| Untracked 
|  68|0x0000000084400000, 0x0000000084400000, 0x0000000084500000|  0%| F|  |TAMS 0x0000000084400000, 0x0000000084400000| Untracked 
|  69|0x0000000084500000, 0x0000000084500000, 0x0000000084600000|  0%| F|  |TAMS 0x0000000084500000, 0x0000000084500000| Untracked 
|  70|0x0000000084600000, 0x0000000084600000, 0x0000000084700000|  0%| F|  |TAMS 0x0000000084600000, 0x0000000084600000| Untracked 
|  71|0x0000000084700000, 0x0000000084700000, 0x0000000084800000|  0%| F|  |TAMS 0x0000000084700000, 0x0000000084700000| Untracked 
|  72|0x0000000084800000, 0x0000000084800000, 0x0000000084900000|  0%| F|  |TAMS 0x0000000084800000, 0x0000000084800000| Untracked 
|  73|0x0000000084900000, 0x0000000084900000, 0x0000000084a00000|  0%| F|  |TAMS 0x0000000084900000, 0x0000000084900000| Untracked 
|  74|0x0000000084a00000, 0x0000000084a00000, 0x0000000084b00000|  0%| F|  |TAMS 0x0000000084a00000, 0x0000000084a00000| Untracked 
|  75|0x0000000084b00000, 0x0000000084b00000, 0x0000000084c00000|  0%| F|  |TAMS 0x0000000084b00000, 0x0000000084b00000| Untracked 
|  76|0x0000000084c00000, 0x0000000084c00000, 0x0000000084d00000|  0%| F|  |TAMS 0x0000000084c00000, 0x0000000084c00000| Untracked 
|  77|0x0000000084d00000, 0x0000000084d00000, 0x0000000084e00000|  0%| F|  |TAMS 0x0000000084d00000, 0x0000000084d00000| Untracked 
|  78|0x0000000084e00000, 0x0000000084e00000, 0x0000000084f00000|  0%| F|  |TAMS 0x0000000084e00000, 0x0000000084e00000| Untracked 
|  79|0x0000000084f00000, 0x0000000084f00000, 0x0000000085000000|  0%| F|  |TAMS 0x0000000084f00000, 0x0000000084f00000| Untracked 
|  80|0x0000000085000000, 0x0000000085000000, 0x0000000085100000|  0%| F|  |TAMS 0x0000000085000000, 0x0000000085000000| Untracked 
|  81|0x0000000085100000, 0x000000008512c070, 0x0000000085200000| 17%| S|CS|TAMS 0x0000000085100000, 0x0000000085100000| Complete 
|  82|0x0000000085200000, 0x0000000085300000, 0x0000000085300000|100%| S|CS|TAMS 0x0000000085200000, 0x0000000085200000| Complete 
|  83|0x0000000085300000, 0x0000000085400000, 0x0000000085400000|100%| S|CS|TAMS 0x0000000085300000, 0x0000000085300000| Complete 
|  84|0x0000000085400000, 0x0000000085500000, 0x0000000085500000|100%| S|CS|TAMS 0x0000000085400000, 0x0000000085400000| Complete 
|  85|0x0000000085500000, 0x0000000085600000, 0x0000000085600000|100%| S|CS|TAMS 0x0000000085500000, 0x0000000085500000| Complete 
|  86|0x0000000085600000, 0x0000000085700000, 0x0000000085700000|100%| S|CS|TAMS 0x0000000085600000, 0x0000000085600000| Complete 
|  87|0x0000000085700000, 0x0000000085800000, 0x0000000085800000|100%| S|CS|TAMS 0x0000000085700000, 0x0000000085700000| Complete 
|  88|0x0000000085800000, 0x0000000085900000, 0x0000000085900000|100%| S|CS|TAMS 0x0000000085800000, 0x0000000085800000| Complete 
|  89|0x0000000085900000, 0x0000000085a00000, 0x0000000085a00000|100%| S|CS|TAMS 0x0000000085900000, 0x0000000085900000| Complete 
|  90|0x0000000085a00000, 0x0000000085b00000, 0x0000000085b00000|100%| S|CS|TAMS 0x0000000085a00000, 0x0000000085a00000| Complete 
|  91|0x0000000085b00000, 0x0000000085c00000, 0x0000000085c00000|100%| S|CS|TAMS 0x0000000085b00000, 0x0000000085b00000| Complete 
|  92|0x0000000085c00000, 0x0000000085c00000, 0x0000000085d00000|  0%| F|  |TAMS 0x0000000085c00000, 0x0000000085c00000| Untracked 
|  93|0x0000000085d00000, 0x0000000085d00000, 0x0000000085e00000|  0%| F|  |TAMS 0x0000000085d00000, 0x0000000085d00000| Untracked 
|  94|0x0000000085e00000, 0x0000000085e00000, 0x0000000085f00000|  0%| F|  |TAMS 0x0000000085e00000, 0x0000000085e00000| Untracked 
|  95|0x0000000085f00000, 0x0000000085f00000, 0x0000000086000000|  0%| F|  |TAMS 0x0000000085f00000, 0x0000000085f00000| Untracked 
|  96|0x0000000086000000, 0x0000000086000000, 0x0000000086100000|  0%| F|  |TAMS 0x0000000086000000, 0x0000000086000000| Untracked 
|  97|0x0000000086100000, 0x0000000086100000, 0x0000000086200000|  0%| F|  |TAMS 0x0000000086100000, 0x0000000086100000| Untracked 
|  98|0x0000000086200000, 0x0000000086200000, 0x0000000086300000|  0%| F|  |TAMS 0x0000000086200000, 0x0000000086200000| Untracked 
|  99|0x0000000086300000, 0x0000000086300000, 0x0000000086400000|  0%| F|  |TAMS 0x0000000086300000, 0x0000000086300000| Untracked 
| 100|0x0000000086400000, 0x0000000086400000, 0x0000000086500000|  0%| F|  |TAMS 0x0000000086400000, 0x0000000086400000| Untracked 
| 101|0x0000000086500000, 0x0000000086500000, 0x0000000086600000|  0%| F|  |TAMS 0x0000000086500000, 0x0000000086500000| Untracked 
| 102|0x0000000086600000, 0x0000000086600000, 0x0000000086700000|  0%| F|  |TAMS 0x0000000086600000, 0x0000000086600000| Untracked 
| 103|0x0000000086700000, 0x0000000086700000, 0x0000000086800000|  0%| F|  |TAMS 0x0000000086700000, 0x0000000086700000| Untracked 
| 104|0x0000000086800000, 0x0000000086800000, 0x0000000086900000|  0%| F|  |TAMS 0x0000000086800000, 0x0000000086800000| Untracked 
| 105|0x0000000086900000, 0x0000000086900000, 0x0000000086a00000|  0%| F|  |TAMS 0x0000000086900000, 0x0000000086900000| Untracked 
| 106|0x0000000086a00000, 0x0000000086a00000, 0x0000000086b00000|  0%| F|  |TAMS 0x0000000086a00000, 0x0000000086a00000| Untracked 
| 107|0x0000000086b00000, 0x0000000086b00000, 0x0000000086c00000|  0%| F|  |TAMS 0x0000000086b00000, 0x0000000086b00000| Untracked 
| 108|0x0000000086c00000, 0x0000000086c00000, 0x0000000086d00000|  0%| F|  |TAMS 0x0000000086c00000, 0x0000000086c00000| Untracked 
| 109|0x0000000086d00000, 0x0000000086d00000, 0x0000000086e00000|  0%| F|  |TAMS 0x0000000086d00000, 0x0000000086d00000| Untracked 
| 110|0x0000000086e00000, 0x0000000086e00000, 0x0000000086f00000|  0%| F|  |TAMS 0x0000000086e00000, 0x0000000086e00000| Untracked 
| 111|0x0000000086f00000, 0x0000000086f00000, 0x0000000087000000|  0%| F|  |TAMS 0x0000000086f00000, 0x0000000086f00000| Untracked 
| 112|0x0000000087000000, 0x0000000087000000, 0x0000000087100000|  0%| F|  |TAMS 0x0000000087000000, 0x0000000087000000| Untracked 
| 113|0x0000000087100000, 0x0000000087100000, 0x0000000087200000|  0%| F|  |TAMS 0x0000000087100000, 0x0000000087100000| Untracked 
| 114|0x0000000087200000, 0x0000000087200000, 0x0000000087300000|  0%| F|  |TAMS 0x0000000087200000, 0x0000000087200000| Untracked 
| 115|0x0000000087300000, 0x0000000087300000, 0x0000000087400000|  0%| F|  |TAMS 0x0000000087300000, 0x0000000087300000| Untracked 
| 116|0x0000000087400000, 0x0000000087400000, 0x0000000087500000|  0%| F|  |TAMS 0x0000000087400000, 0x0000000087400000| Untracked 
| 117|0x0000000087500000, 0x0000000087500000, 0x0000000087600000|  0%| F|  |TAMS 0x0000000087500000, 0x0000000087500000| Untracked 
| 118|0x0000000087600000, 0x0000000087600000, 0x0000000087700000|  0%| F|  |TAMS 0x0000000087600000, 0x0000000087600000| Untracked 
| 119|0x0000000087700000, 0x0000000087700000, 0x0000000087800000|  0%| F|  |TAMS 0x0000000087700000, 0x0000000087700000| Untracked 
| 120|0x0000000087800000, 0x0000000087800000, 0x0000000087900000|  0%| F|  |TAMS 0x0000000087800000, 0x0000000087800000| Untracked 
| 121|0x0000000087900000, 0x0000000087900000, 0x0000000087a00000|  0%| F|  |TAMS 0x0000000087900000, 0x0000000087900000| Untracked 
| 122|0x0000000087a00000, 0x0000000087a00000, 0x0000000087b00000|  0%| F|  |TAMS 0x0000000087a00000, 0x0000000087a00000| Untracked 
| 123|0x0000000087b00000, 0x0000000087b00000, 0x0000000087c00000|  0%| F|  |TAMS 0x0000000087b00000, 0x0000000087b00000| Untracked 
| 124|0x0000000087c00000, 0x0000000087c00000, 0x0000000087d00000|  0%| F|  |TAMS 0x0000000087c00000, 0x0000000087c00000| Untracked 
| 125|0x0000000087d00000, 0x0000000087d00000, 0x0000000087e00000|  0%| F|  |TAMS 0x0000000087d00000, 0x0000000087d00000| Untracked 
| 126|0x0000000087e00000, 0x0000000087e00000, 0x0000000087f00000|  0%| F|  |TAMS 0x0000000087e00000, 0x0000000087e00000| Untracked 
| 127|0x0000000087f00000, 0x0000000087f00000, 0x0000000088000000|  0%| F|  |TAMS 0x0000000087f00000, 0x0000000087f00000| Untracked 
| 128|0x0000000088000000, 0x0000000088000000, 0x0000000088100000|  0%| F|  |TAMS 0x0000000088000000, 0x0000000088000000| Untracked 
| 129|0x0000000088100000, 0x0000000088100000, 0x0000000088200000|  0%| F|  |TAMS 0x0000000088100000, 0x0000000088100000| Untracked 
| 130|0x0000000088200000, 0x0000000088200000, 0x0000000088300000|  0%| F|  |TAMS 0x0000000088200000, 0x0000000088200000| Untracked 
| 131|0x0000000088300000, 0x0000000088300000, 0x0000000088400000|  0%| F|  |TAMS 0x0000000088300000, 0x0000000088300000| Untracked 
| 132|0x0000000088400000, 0x0000000088400000, 0x0000000088500000|  0%| F|  |TAMS 0x0000000088400000, 0x0000000088400000| Untracked 
| 133|0x0000000088500000, 0x0000000088500000, 0x0000000088600000|  0%| F|  |TAMS 0x0000000088500000, 0x0000000088500000| Untracked 
| 134|0x0000000088600000, 0x0000000088600000, 0x0000000088700000|  0%| F|  |TAMS 0x0000000088600000, 0x0000000088600000| Untracked 
| 135|0x0000000088700000, 0x0000000088700000, 0x0000000088800000|  0%| F|  |TAMS 0x0000000088700000, 0x0000000088700000| Untracked 
| 136|0x0000000088800000, 0x0000000088800000, 0x0000000088900000|  0%| F|  |TAMS 0x0000000088800000, 0x0000000088800000| Untracked 
| 137|0x0000000088900000, 0x0000000088900000, 0x0000000088a00000|  0%| F|  |TAMS 0x0000000088900000, 0x0000000088900000| Untracked 
| 138|0x0000000088a00000, 0x0000000088a00000, 0x0000000088b00000|  0%| F|  |TAMS 0x0000000088a00000, 0x0000000088a00000| Untracked 
| 139|0x0000000088b00000, 0x0000000088b00000, 0x0000000088c00000|  0%| F|  |TAMS 0x0000000088b00000, 0x0000000088b00000| Untracked 
| 140|0x0000000088c00000, 0x0000000088c00000, 0x0000000088d00000|  0%| F|  |TAMS 0x0000000088c00000, 0x0000000088c00000| Untracked 
| 141|0x0000000088d00000, 0x0000000088d00000, 0x0000000088e00000|  0%| F|  |TAMS 0x0000000088d00000, 0x0000000088d00000| Untracked 
| 142|0x0000000088e00000, 0x0000000088e00000, 0x0000000088f00000|  0%| F|  |TAMS 0x0000000088e00000, 0x0000000088e00000| Untracked 
| 143|0x0000000088f00000, 0x0000000088f00000, 0x0000000089000000|  0%| F|  |TAMS 0x0000000088f00000, 0x0000000088f00000| Untracked 
| 144|0x0000000089000000, 0x0000000089000000, 0x0000000089100000|  0%| F|  |TAMS 0x0000000089000000, 0x0000000089000000| Untracked 
| 145|0x0000000089100000, 0x0000000089100000, 0x0000000089200000|  0%| F|  |TAMS 0x0000000089100000, 0x0000000089100000| Untracked 
| 146|0x0000000089200000, 0x0000000089200000, 0x0000000089300000|  0%| F|  |TAMS 0x0000000089200000, 0x0000000089200000| Untracked 
| 147|0x0000000089300000, 0x0000000089300000, 0x0000000089400000|  0%| F|  |TAMS 0x0000000089300000, 0x0000000089300000| Untracked 
| 148|0x0000000089400000, 0x0000000089400000, 0x0000000089500000|  0%| F|  |TAMS 0x0000000089400000, 0x0000000089400000| Untracked 
| 149|0x0000000089500000, 0x0000000089500000, 0x0000000089600000|  0%| F|  |TAMS 0x0000000089500000, 0x0000000089500000| Untracked 
| 150|0x0000000089600000, 0x0000000089700000, 0x0000000089700000|100%| E|  |TAMS 0x0000000089600000, 0x0000000089600000| Complete 
| 151|0x0000000089700000, 0x0000000089800000, 0x0000000089800000|100%| E|CS|TAMS 0x0000000089700000, 0x0000000089700000| Complete 
| 152|0x0000000089800000, 0x0000000089900000, 0x0000000089900000|100%| E|CS|TAMS 0x0000000089800000, 0x0000000089800000| Complete 
| 153|0x0000000089900000, 0x0000000089a00000, 0x0000000089a00000|100%| E|CS|TAMS 0x0000000089900000, 0x0000000089900000| Complete 
| 154|0x0000000089a00000, 0x0000000089b00000, 0x0000000089b00000|100%| E|CS|TAMS 0x0000000089a00000, 0x0000000089a00000| Complete 
| 155|0x0000000089b00000, 0x0000000089c00000, 0x0000000089c00000|100%| E|CS|TAMS 0x0000000089b00000, 0x0000000089b00000| Complete 
| 156|0x0000000089c00000, 0x0000000089d00000, 0x0000000089d00000|100%| E|CS|TAMS 0x0000000089c00000, 0x0000000089c00000| Complete 
| 157|0x0000000089d00000, 0x0000000089e00000, 0x0000000089e00000|100%| E|CS|TAMS 0x0000000089d00000, 0x0000000089d00000| Complete 
| 158|0x0000000089e00000, 0x0000000089f00000, 0x0000000089f00000|100%| E|CS|TAMS 0x0000000089e00000, 0x0000000089e00000| Complete 
| 159|0x0000000089f00000, 0x000000008a000000, 0x000000008a000000|100%| E|CS|TAMS 0x0000000089f00000, 0x0000000089f00000| Complete 
| 160|0x000000008a000000, 0x000000008a100000, 0x000000008a100000|100%| E|CS|TAMS 0x000000008a000000, 0x000000008a000000| Complete 
| 161|0x000000008a100000, 0x000000008a200000, 0x000000008a200000|100%| E|CS|TAMS 0x000000008a100000, 0x000000008a100000| Complete 
| 162|0x000000008a200000, 0x000000008a300000, 0x000000008a300000|100%| E|CS|TAMS 0x000000008a200000, 0x000000008a200000| Complete 
| 163|0x000000008a300000, 0x000000008a400000, 0x000000008a400000|100%| E|CS|TAMS 0x000000008a300000, 0x000000008a300000| Complete 
| 164|0x000000008a400000, 0x000000008a500000, 0x000000008a500000|100%| E|CS|TAMS 0x000000008a400000, 0x000000008a400000| Complete 
| 165|0x000000008a500000, 0x000000008a600000, 0x000000008a600000|100%| E|CS|TAMS 0x000000008a500000, 0x000000008a500000| Complete 
| 166|0x000000008a600000, 0x000000008a700000, 0x000000008a700000|100%| E|CS|TAMS 0x000000008a600000, 0x000000008a600000| Complete 
| 167|0x000000008a700000, 0x000000008a800000, 0x000000008a800000|100%| E|CS|TAMS 0x000000008a700000, 0x000000008a700000| Complete 
| 168|0x000000008a800000, 0x000000008a900000, 0x000000008a900000|100%| E|CS|TAMS 0x000000008a800000, 0x000000008a800000| Complete 
| 169|0x000000008a900000, 0x000000008aa00000, 0x000000008aa00000|100%| E|CS|TAMS 0x000000008a900000, 0x000000008a900000| Complete 
| 170|0x000000008aa00000, 0x000000008ab00000, 0x000000008ab00000|100%| E|CS|TAMS 0x000000008aa00000, 0x000000008aa00000| Complete 
| 171|0x000000008ab00000, 0x000000008ac00000, 0x000000008ac00000|100%| E|CS|TAMS 0x000000008ab00000, 0x000000008ab00000| Complete 
| 172|0x000000008ac00000, 0x000000008ad00000, 0x000000008ad00000|100%| E|CS|TAMS 0x000000008ac00000, 0x000000008ac00000| Complete 
| 173|0x000000008ad00000, 0x000000008ae00000, 0x000000008ae00000|100%| E|CS|TAMS 0x000000008ad00000, 0x000000008ad00000| Complete 
| 174|0x000000008ae00000, 0x000000008af00000, 0x000000008af00000|100%| E|CS|TAMS 0x000000008ae00000, 0x000000008ae00000| Complete 
| 175|0x000000008af00000, 0x000000008b000000, 0x000000008b000000|100%| E|CS|TAMS 0x000000008af00000, 0x000000008af00000| Complete 
| 176|0x000000008b000000, 0x000000008b100000, 0x000000008b100000|100%| E|CS|TAMS 0x000000008b000000, 0x000000008b000000| Complete 
| 177|0x000000008b100000, 0x000000008b200000, 0x000000008b200000|100%| E|CS|TAMS 0x000000008b100000, 0x000000008b100000| Complete 
| 178|0x000000008b200000, 0x000000008b300000, 0x000000008b300000|100%| E|CS|TAMS 0x000000008b200000, 0x000000008b200000| Complete 
| 179|0x000000008b300000, 0x000000008b400000, 0x000000008b400000|100%| E|CS|TAMS 0x000000008b300000, 0x000000008b300000| Complete 
| 180|0x000000008b400000, 0x000000008b500000, 0x000000008b500000|100%| E|CS|TAMS 0x000000008b400000, 0x000000008b400000| Complete 
| 181|0x000000008b500000, 0x000000008b600000, 0x000000008b600000|100%| E|CS|TAMS 0x000000008b500000, 0x000000008b500000| Complete 
| 182|0x000000008b600000, 0x000000008b700000, 0x000000008b700000|100%| E|CS|TAMS 0x000000008b600000, 0x000000008b600000| Complete 
| 183|0x000000008b700000, 0x000000008b800000, 0x000000008b800000|100%| E|CS|TAMS 0x000000008b700000, 0x000000008b700000| Complete 
| 184|0x000000008b800000, 0x000000008b900000, 0x000000008b900000|100%| E|CS|TAMS 0x000000008b800000, 0x000000008b800000| Complete 
| 185|0x000000008b900000, 0x000000008ba00000, 0x000000008ba00000|100%| E|CS|TAMS 0x000000008b900000, 0x000000008b900000| Complete 
| 186|0x000000008ba00000, 0x000000008bb00000, 0x000000008bb00000|100%| E|CS|TAMS 0x000000008ba00000, 0x000000008ba00000| Complete 
| 187|0x000000008bb00000, 0x000000008bc00000, 0x000000008bc00000|100%| E|CS|TAMS 0x000000008bb00000, 0x000000008bb00000| Complete 
| 188|0x000000008bc00000, 0x000000008bd00000, 0x000000008bd00000|100%| E|CS|TAMS 0x000000008bc00000, 0x000000008bc00000| Complete 
| 189|0x000000008bd00000, 0x000000008be00000, 0x000000008be00000|100%| E|CS|TAMS 0x000000008bd00000, 0x000000008bd00000| Complete 
| 190|0x000000008be00000, 0x000000008bf00000, 0x000000008bf00000|100%| E|CS|TAMS 0x000000008be00000, 0x000000008be00000| Complete 
| 191|0x000000008bf00000, 0x000000008c000000, 0x000000008c000000|100%| E|CS|TAMS 0x000000008bf00000, 0x000000008bf00000| Complete 

Card table byte_map: [0x00000215fae80000,0x00000215fb280000] _byte_map_base: 0x00000215faa80000

Marking Bits (Prev, Next): (CMBitMap*) 0x00000215e7c94840, (CMBitMap*) 0x00000215e7c94808
 Prev Bits: [0x00000215fd680000, 0x00000215ff680000)
 Next Bits: [0x00000215fb680000, 0x00000215fd680000)

Polling page: 0x00000215e7430000

Metaspace:

Usage:
  Non-class:     21.63 MB capacity,    21.25 MB ( 98%) used,   350.56 KB (  2%) free+waste,    45.25 KB ( <1%) overhead. 
      Class:      3.35 MB capacity,     3.13 MB ( 94%) used,   200.34 KB (  6%) free+waste,    22.56 KB ( <1%) overhead. 
       Both:     24.99 MB capacity,    24.38 MB ( 98%) used,   550.90 KB (  2%) free+waste,    67.81 KB ( <1%) overhead. 

Virtual space:
  Non-class space:       22.00 MB reserved,      21.67 MB ( 99%) committed 
      Class space:        1.00 GB reserved,       3.38 MB ( <1%) committed 
             Both:        1.02 GB reserved,      25.05 MB (  2%) committed 

Chunk freelists:
   Non-Class:  39.00 KB
       Class:  24.00 KB
        Both:  63.00 KB

MaxMetaspaceSize: 17179869184.00 GB
CompressedClassSpaceSize: 1.00 GB

CodeHeap 'non-profiled nmethods': size=120000Kb used=1017Kb max_used=1017Kb free=118982Kb
 bounds [0x00000215f3220000, 0x00000215f3490000, 0x00000215fa750000]
CodeHeap 'profiled nmethods': size=120000Kb used=4868Kb max_used=4868Kb free=115131Kb
 bounds [0x00000215ebcf0000, 0x00000215ec1c0000, 0x00000215f3220000]
CodeHeap 'non-nmethods': size=5760Kb used=1155Kb max_used=1181Kb free=4604Kb
 bounds [0x00000215eb750000, 0x00000215eb9c0000, 0x00000215ebcf0000]
 total_blobs=2762 nmethods=2264 adapters=408
 compilation: enabled
              stopped_count=0, restarted_count=0
 full_count=0

Compilation events (20 events):
Event: 249.953 Thread 0x0000021582a66000 2258       3       com.google.common.collect.ImmutableEntry::<init> (15 bytes)
Event: 249.953 Thread 0x0000021582a66000 nmethod 2258 0x00000215ec1a6990 code [0x00000215ec1a6b60, 0x00000215ec1a6dd8]
Event: 249.953 Thread 0x0000021582a66000 2259       3       com.google.common.collect.ImmutableMapEntry::<init> (12 bytes)
Event: 249.954 Thread 0x0000021582a66000 nmethod 2259 0x00000215ec1a6f10 code [0x00000215ec1a70e0, 0x00000215ec1a73e8]
Event: 249.954 Thread 0x0000021582a66000 2260       3       com.google.common.collect.RegularImmutableMap::checkNoConflictInKeyBucket (42 bytes)
Event: 249.954 Thread 0x0000021582a66000 nmethod 2260 0x00000215ec1a7510 code [0x00000215ec1a7700, 0x00000215ec1a7ba8]
Event: 249.954 Thread 0x0000021582a66000 2261       3       com.google.common.collect.RegularImmutableMap::makeImmutable (44 bytes)
Event: 249.955 Thread 0x0000021582a66000 nmethod 2261 0x00000215ec1a7d90 code [0x00000215ec1a7fa0, 0x00000215ec1a87d8]
Event: 249.955 Thread 0x0000021582a66000 2262       1       com.google.common.collect.ImmutableMapEntry::getNextInKeyBucket (2 bytes)
Event: 249.956 Thread 0x0000021582a66000 nmethod 2262 0x00000215f331a810 code [0x00000215f331a9c0, 0x00000215f331aa78]
Event: 249.956 Thread 0x0000021582a66000 2263       3       com.google.common.collect.ImmutableMapEntry$NonTerminalImmutableMapEntry::<init> (12 bytes)
Event: 249.956 Thread 0x0000021582a66000 nmethod 2263 0x00000215ec1a8a10 code [0x00000215ec1a8c00, 0x00000215ec1a8fc8]
Event: 249.957 Thread 0x00000215846b2800 nmethod 2250 0x00000215f331ab10 code [0x00000215f331aca0, 0x00000215f331af78]
Event: 249.957 Thread 0x00000215846b2800 2253       4       com.google.common.base.CharMatcher::indexIn (48 bytes)
Event: 249.957 Thread 0x0000021582a66000 2264       1       com.google.common.collect.ImmutableMapEntry$NonTerminalImmutableMapEntry::getNextInKeyBucket (5 bytes)
Event: 249.957 Thread 0x0000021582a66000 nmethod 2264 0x00000215f331b110 code [0x00000215f331b2c0, 0x00000215f331b378]
Event: 249.962 Thread 0x00000215846b2800 nmethod 2253 0x00000215f331b410 code [0x00000215f331b5c0, 0x00000215f331b7e8]
Event: 249.962 Thread 0x00000215846b2800 2254 %     4       sun.nio.cs.UTF_8$Decoder::decodeArrayLoop @ 73 (691 bytes)
Event: 250.034 Thread 0x00000215846b2800 nmethod 2254% 0x00000215f331ba10 code [0x00000215f331bd20, 0x00000215f331d2d0]
Event: 250.034 Thread 0x00000215846b2800 2216   !   4       java.net.URLClassLoader$1::run (63 bytes)

GC Heap History (4 events):
Event: 111.540 GC heap before
{Heap before GC invocations=0 (full 0):
 garbage-first heap   total 196608K, used 29696K [0x0000000080000000, 0x0000000100000000)
  region size 1024K, 24 young (24576K), 0 survivors (0K)
 Metaspace       used 10272K, capacity 10495K, committed 10624K, reserved 1058816K
  class space    used 1072K, capacity 1141K, committed 1152K, reserved 1048576K
}
Event: 111.728 GC heap after
{Heap after GC invocations=1 (full 0):
 garbage-first heap   total 196608K, used 9592K [0x0000000080000000, 0x0000000100000000)
  region size 1024K, 3 young (3072K), 3 survivors (3072K)
 Metaspace       used 10272K, capacity 10495K, committed 10624K, reserved 1058816K
  class space    used 1072K, capacity 1141K, committed 1152K, reserved 1048576K
}
Event: 247.235 GC heap before
{Heap before GC invocations=1 (full 0):
 garbage-first heap   total 196608K, used 107896K [0x0000000080000000, 0x0000000100000000)
  region size 1024K, 100 young (102400K), 3 survivors (3072K)
 Metaspace       used 20712K, capacity 21116K, committed 21296K, reserved 1069056K
  class space    used 2532K, capacity 2661K, committed 2688K, reserved 1048576K
}
Event: 247.595 GC heap after
{Heap after GC invocations=2 (full 0):
 garbage-first heap   total 196608K, used 16936K [0x0000000080000000, 0x0000000100000000)
  region size 1024K, 11 young (11264K), 11 survivors (11264K)
 Metaspace       used 20712K, capacity 21116K, committed 21296K, reserved 1069056K
  class space    used 2532K, capacity 2661K, committed 2688K, reserved 1048576K
}

Deoptimization events (20 events):
Event: 247.193 Thread 0x0000021584b62800 Uncommon trap: trap_request=0xffffffc6 fr.pc=0x00000215f3292a54 relative=0x0000000000000114
Event: 247.193 Thread 0x0000021584b62800 Uncommon trap: reason=bimorphic_or_optimized_type_check action=maybe_recompile pc=0x00000215f3292a54 method=java.util.AbstractList$Itr.next()Ljava/lang/Object; @ 14 c2
Event: 247.193 Thread 0x0000021584b62800 DEOPT PACKING pc=0x00000215f3292a54 sp=0x000000cac1efa430
Event: 247.193 Thread 0x0000021584b62800 DEOPT UNPACKING pc=0x00000215eb77662f sp=0x000000cac1efa3c8 mode 2
Event: 247.193 Thread 0x0000021584b62800 Uncommon trap: trap_request=0xffffff4d fr.pc=0x00000215f328de78 relative=0x00000000000005b8
Event: 247.193 Thread 0x0000021584b62800 Uncommon trap: reason=unstable_if action=reinterpret pc=0x00000215f328de78 method=java.io.File.getName()Ljava/lang/String; @ 16 c2
Event: 247.193 Thread 0x0000021584b62800 DEOPT PACKING pc=0x00000215f328de78 sp=0x000000cac1efae00
Event: 247.193 Thread 0x0000021584b62800 DEOPT UNPACKING pc=0x00000215eb77662f sp=0x000000cac1efadd0 mode 2
Event: 247.193 Thread 0x0000021584b62800 Uncommon trap: trap_request=0xffffff4d fr.pc=0x00000215f328d490 relative=0x0000000000000450
Event: 247.193 Thread 0x0000021584b62800 Uncommon trap: reason=unstable_if action=reinterpret pc=0x00000215f328d490 method=java.lang.String.substring(I)Ljava/lang/String; @ 34 c2
Event: 247.193 Thread 0x0000021584b62800 DEOPT PACKING pc=0x00000215f328d490 sp=0x000000cac1efad80
Event: 247.193 Thread 0x0000021584b62800 DEOPT UNPACKING pc=0x00000215eb77662f sp=0x000000cac1efad58 mode 2
Event: 248.199 Thread 0x0000021584b62800 Uncommon trap: trap_request=0xffffff4d fr.pc=0x00000215f32e9118 relative=0x0000000000000398
Event: 248.199 Thread 0x0000021584b62800 Uncommon trap: reason=unstable_if action=reinterpret pc=0x00000215f32e9118 method=jdk.internal.org.objectweb.asm.Type.getArgumentsAndReturnSizes(Ljava/lang/String;)I @ 88 c2
Event: 248.199 Thread 0x0000021584b62800 DEOPT PACKING pc=0x00000215f32e9118 sp=0x000000cac1ef9310
Event: 248.199 Thread 0x0000021584b62800 DEOPT UNPACKING pc=0x00000215eb77662f sp=0x000000cac1ef9298 mode 2
Event: 248.602 Thread 0x0000021584b62800 Uncommon trap: trap_request=0xffffff4d fr.pc=0x00000215f326d100 relative=0x0000000000000240
Event: 248.602 Thread 0x0000021584b62800 Uncommon trap: reason=unstable_if action=reinterpret pc=0x00000215f326d100 method=java.util.concurrent.ConcurrentHashMap.get(Ljava/lang/Object;)Ljava/lang/Object; @ 76 c2
Event: 248.602 Thread 0x0000021584b62800 DEOPT PACKING pc=0x00000215f326d100 sp=0x000000cac1ef9470
Event: 248.602 Thread 0x0000021584b62800 DEOPT UNPACKING pc=0x00000215eb77662f sp=0x000000cac1ef93d8 mode 2

Classes redefined (0 events):
No events

Internal exceptions (20 events):
Event: 235.981 Thread 0x00000215e7c52800 Exception <a 'java/lang/NoSuchMethodError'{0x00000000883cc008}: 'java.lang.Object java.lang.invoke.DirectMethodHandle$Holder.invokeStaticInit(java.lang.Object, java.lang.Object, int, int, int, int)'> (0x00000000883cc008) thrown at [./src/hotspot/share/interpreter/linkResolver.cpp, line 773]
Event: 243.879 Thread 0x00000215e7c52800 Exception <a 'java/io/IOException'{0x000000008800b028}> (0x000000008800b028) thrown at [./src/hotspot/share/prims/jni.cpp, line 615]
Event: 245.931 Thread 0x0000021584b62800 Exception <a 'java/lang/NoSuchMethodError'{0x0000000087ba20b8}: 'void java.lang.invoke.DirectMethodHandle$Holder.invokeVirtual(java.lang.Object, java.lang.Object, java.lang.Object, java.lang.Object)'> (0x0000000087ba20b8) thrown at [./src/hotspot/share/interpreter/linkResolver.cpp, line 773]
Event: 245.934 Thread 0x0000021584b62800 Exception <a 'java/lang/NoSuchMethodError'{0x0000000087bb1200}: 'void java.lang.invoke.DelegatingMethodHandle$Holder.reinvoke_L(java.lang.Object, java.lang.Object, java.lang.Object, java.lang.Object)'> (0x0000000087bb1200) thrown at [./src/hotspot/share/interpreter/linkResolver.cpp, line 773]
Event: 245.941 Thread 0x0000021584b62800 Exception <a 'java/lang/NoSuchMethodError'{0x0000000087be2028}: 'long java.lang.invoke.DirectMethodHandle$Holder.invokeInterface(java.lang.Object, java.lang.Object)'> (0x0000000087be2028) thrown at [./src/hotspot/share/interpreter/linkResolver.cpp, line 773]
Event: 245.945 Thread 0x0000021584b62800 Exception <a 'java/lang/NoSuchMethodError'{0x0000000087a05b98}: 'void java.lang.invoke.DelegatingMethodHandle$Holder.reinvoke_L(java.lang.Object, java.lang.Object, java.lang.Object, java.lang.Object, java.lang.Object, java.lang.Object, java.lang.Object)'> (0x0000000087a05b98) thrown at [./src/hotspot/share/interpreter/linkResolver.cpp, line 773]
Event: 246.546 Thread 0x0000021584b62800 Exception <a 'java/lang/NoSuchMethodError'{0x00000000863fe248}: 'void java.lang.invoke.DirectMethodHandle$Holder.invokeStaticInit(java.lang.Object)'> (0x00000000863fe248) thrown at [./src/hotspot/share/interpreter/linkResolver.cpp, line 773]
Event: 246.622 Thread 0x0000021584b62800 Exception <a 'java/lang/NoSuchMethodError'{0x000000008601de18}: 'java.lang.Object java.lang.invoke.DirectMethodHandle$Holder.invokeStatic(java.lang.Object, java.lang.Object, java.lang.Object, int)'> (0x000000008601de18) thrown at [./src/hotspot/share/interpreter/linkResolver.cpp, line 773]
Event: 246.622 Thread 0x0000021584b62800 Exception <a 'java/lang/NoSuchMethodError'{0x0000000086022288}: 'java.lang.Object java.lang.invoke.DirectMethodHandle$Holder.invokeSpecial(java.lang.Object, java.lang.Object, java.lang.Object, java.lang.Object, int)'> (0x0000000086022288) thrown at [./src/hotspot/share/interpreter/linkResolver.cpp, line 773]
Event: 246.622 Thread 0x0000021584b62800 Exception <a 'java/lang/NoSuchMethodError'{0x0000000086025f18}: 'java.lang.Object java.lang.invoke.Invokers$Holder.linkToTargetMethod(java.lang.Object, java.lang.Object, int, java.lang.Object)'> (0x0000000086025f18) thrown at [./src/hotspot/share/interpreter/linkResolver.cpp, line 773]
Event: 247.664 Thread 0x0000021584b62800 Exception <a 'java/lang/NoSuchMethodError'{0x000000008bea3c78}: 'int java.lang.invoke.DirectMethodHandle$Holder.invokeSpecialIFC(java.lang.Object, java.lang.Object, java.lang.Object, java.lang.Object)'> (0x000000008bea3c78) thrown at [./src/hotspot/share/interpreter/linkResolver.cpp, line 773]
Event: 247.667 Thread 0x0000021584b62800 Exception <a 'java/lang/NoSuchMethodError'{0x000000008beb1c30}: 'java.lang.Object java.lang.invoke.DirectMethodHandle$Holder.invokeInterface(java.lang.Object, java.lang.Object, java.lang.Object)'> (0x000000008beb1c30) thrown at [./src/hotspot/share/interpreter/linkResolver.cpp, line 773]
Event: 247.668 Thread 0x0000021584b62800 Exception <a 'java/lang/IncompatibleClassChangeError'{0x000000008beb5108}: Found class java.lang.Object, but interface was expected> (0x000000008beb5108) thrown at [./src/hotspot/share/interpreter/linkResolver.cpp, line 839]
Event: 248.125 Thread 0x0000021584b62800 Exception <a 'java/lang/NoSuchMethodError'{0x000000008bcfd630}: 'void java.lang.invoke.DirectMethodHandle$Holder.invokeStatic(java.lang.Object, java.lang.Object, java.lang.Object, java.lang.Object, java.lang.Object)'> (0x000000008bcfd630) thrown at [./src/hotspot/share/interpreter/linkResolver.cpp, line 773]
Event: 248.329 Thread 0x0000021584b62800 Exception <a 'java/lang/NoSuchMethodError'{0x000000008b5d9ec0}: 'java.lang.Object java.lang.invoke.DirectMethodHandle$Holder.invokeSpecial(java.lang.Object, java.lang.Object, java.lang.Object, java.lang.Object, java.lang.Object, java.lang.Object, java.lang.Object, java.lang.Object, java.lang.Object)'> (0x000000008b5d9ec0) thrown at [./src/hotspot/share/interpreter/linkResolver.cpp, line 773]
Event: 248.489 Thread 0x0000021584b62800 Exception <a 'java/lang/NoSuchMethodError'{0x000000008ab5f0b0}: 'java.lang.Object java.lang.invoke.DirectMethodHandle$Holder.invokeVirtual(java.lang.Object, java.lang.Object, java.lang.Object, java.lang.Object)'> (0x000000008ab5f0b0) thrown at [./src/hotspot/share/interpreter/linkResolver.cpp, line 773]
Event: 248.674 Thread 0x0000021584b62800 Exception <a 'java/lang/NoSuchMethodError'{0x000000008a40a9d0}: 'void java.lang.invoke.DirectMethodHandle$Holder.invokeSpecial(java.lang.Object, java.lang.Object, java.lang.Object, java.lang.Object, java.lang.Object, java.lang.Object)'> (0x000000008a40a9d0) thrown at [./src/hotspot/share/interpreter/linkResolver.cpp, line 773]
Event: 248.702 Thread 0x0000021584b62800 Exception <a 'java/lang/NoSuchMethodError'{0x000000008a479718}: 'void java.lang.invoke.DirectMethodHandle$Holder.invokeSpecial(java.lang.Object, java.lang.Object, java.lang.Object, java.lang.Object, java.lang.Object, java.lang.Object, java.lang.Object)'> (0x000000008a479718) thrown at [./src/hotspot/share/interpreter/linkResolver.cpp, line 773]
Event: 248.703 Thread 0x0000021584b62800 Exception <a 'java/lang/NoSuchMethodError'{0x000000008a481e78}: 'java.lang.Object java.lang.invoke.Invokers$Holder.linkToTargetMethod(java.lang.Object, java.lang.Object, java.lang.Object, java.lang.Object, java.lang.Object, java.lang.Object)'> (0x000000008a481e78) thrown at [./src/hotspot/share/interpreter/linkResolver.cpp, line 773]
Event: 249.638 Thread 0x0000021584b62800 Exception <a 'java/lang/NoSuchMethodError'{0x0000000089bde0f0}: 'int java.lang.invoke.DirectMethodHandle$Holder.invokeStaticInit(java.lang.Object, java.lang.Object, java.lang.Object)'> (0x0000000089bde0f0) thrown at [./src/hotspot/share/interpreter/linkResolver.cpp, line 773]

Events (20 events):
Event: 249.784 loading class com/google/common/base/Splitter$1$1 done
Event: 249.784 loading class com/google/common/base/AbstractIterator$State
Event: 249.784 loading class com/google/common/base/AbstractIterator$State done
Event: 249.787 loading class com/google/common/base/AbstractIterator$1
Event: 249.787 loading class com/google/common/base/AbstractIterator$1 done
Event: 249.946 Thread 0x00000215846b2800 Thread added: 0x00000215846b2800
Event: 249.959 loading class org/gradle/groovy/scripts/internal/CompiledScript
Event: 249.959 loading class org/gradle/groovy/scripts/internal/CompiledScript done
Event: 249.959 loading class org/codehaus/groovy/control/MultipleCompilationErrorsException
Event: 249.959 loading class org/codehaus/groovy/control/MultipleCompilationErrorsException done
Event: 249.960 loading class org/codehaus/groovy/control/CompilationFailedException
Event: 249.960 loading class org/codehaus/groovy/control/CompilationFailedException done
Event: 249.963 loading class groovy/lang/GroovyRuntimeException
Event: 249.963 loading class groovy/lang/GroovyRuntimeException done
Event: 249.963 loading class groovy/lang/GroovyResourceLoader
Event: 249.963 loading class groovy/lang/GroovyResourceLoader done
Event: 249.964 loading class groovy/lang/GroovyClassLoader
Event: 249.964 loading class groovy/lang/GroovyClassLoader done
Event: 249.965 loading class org/gradle/groovy/scripts/internal/DefaultScriptCompilationHandler$1
Event: 249.965 loading class org/gradle/groovy/scripts/internal/DefaultScriptCompilationHandler$1 done


Dynamic libraries:
0x00007ff766650000 - 0x00007ff76665a000 	C:\Program Files\Android\Android Studio1\jre\bin\java.exe
0x00007ffc7cda0000 - 0x00007ffc7cfa9000 	C:\WINDOWS\SYSTEM32\ntdll.dll
0x00007ffc7bf60000 - 0x00007ffc7c01d000 	C:\WINDOWS\System32\KERNEL32.DLL
0x00007ffc7a620000 - 0x00007ffc7a999000 	C:\WINDOWS\System32\KERNELBASE.dll
0x00007ffc7a440000 - 0x00007ffc7a551000 	C:\WINDOWS\System32\ucrtbase.dll
0x00007ffc42780000 - 0x00007ffc42799000 	C:\Program Files\Android\Android Studio1\jre\bin\jli.dll
0x00007ffc42c40000 - 0x00007ffc42c57000 	C:\Program Files\Android\Android Studio1\jre\bin\VCRUNTIME140.dll
0x00007ffc7bad0000 - 0x00007ffc7bc7c000 	C:\WINDOWS\System32\USER32.dll
0x00007ffc7a9a0000 - 0x00007ffc7a9c6000 	C:\WINDOWS\System32\win32u.dll
0x00007ffc4f4d0000 - 0x00007ffc4f775000 	C:\WINDOWS\WinSxS\amd64_microsoft.windows.common-controls_6595b64144ccf1df_6.0.22000.120_none_9d947278b86cc467\COMCTL32.dll
0x00007ffc7c3e0000 - 0x00007ffc7c409000 	C:\WINDOWS\System32\GDI32.dll
0x00007ffc7c170000 - 0x00007ffc7c213000 	C:\WINDOWS\System32\msvcrt.dll
0x00007ffc7a320000 - 0x00007ffc7a432000 	C:\WINDOWS\System32\gdi32full.dll
0x00007ffc7a280000 - 0x00007ffc7a31d000 	C:\WINDOWS\System32\msvcp_win.dll
0x00007ffc7ba10000 - 0x00007ffc7ba41000 	C:\WINDOWS\System32\IMM32.DLL
0x00007ffc1e2c0000 - 0x00007ffc1e35d000 	C:\Program Files\Android\Android Studio1\jre\bin\msvcp140.dll
0x00007ffbee6b0000 - 0x00007ffbef185000 	C:\Program Files\Android\Android Studio1\jre\bin\server\jvm.dll
0x00007ffc7b5d0000 - 0x00007ffc7b67e000 	C:\WINDOWS\System32\ADVAPI32.dll
0x00007ffc7c340000 - 0x00007ffc7c3de000 	C:\WINDOWS\System32\sechost.dll
0x00007ffc7be20000 - 0x00007ffc7bf40000 	C:\WINDOWS\System32\RPCRT4.dll
0x00007ffc7ba50000 - 0x00007ffc7ba58000 	C:\WINDOWS\System32\PSAPI.DLL
0x00007ffc745c0000 - 0x00007ffc745ca000 	C:\WINDOWS\SYSTEM32\VERSION.dll
0x00007ffc6d680000 - 0x00007ffc6d689000 	C:\WINDOWS\SYSTEM32\WSOCK32.dll
0x00007ffc74e20000 - 0x00007ffc74e53000 	C:\WINDOWS\SYSTEM32\WINMM.dll
0x00007ffc7c880000 - 0x00007ffc7c8ef000 	C:\WINDOWS\System32\WS2_32.dll
0x00007ffc79470000 - 0x00007ffc79488000 	C:\WINDOWS\SYSTEM32\kernel.appcore.dll
0x00007ffc6f910000 - 0x00007ffc6f921000 	C:\Program Files\Android\Android Studio1\jre\bin\verify.dll
0x00007ffc780c0000 - 0x00007ffc782e1000 	C:\WINDOWS\SYSTEM32\DBGHELP.DLL
0x00007ffc73750000 - 0x00007ffc73781000 	C:\WINDOWS\SYSTEM32\dbgcore.DLL
0x00007ffc7abb0000 - 0x00007ffc7ac2f000 	C:\WINDOWS\System32\bcryptPrimitives.dll
0x00007ffc6ed50000 - 0x00007ffc6ed79000 	C:\Program Files\Android\Android Studio1\jre\bin\java.dll
0x00007ffc75dd0000 - 0x00007ffc75ddb000 	C:\Program Files\Android\Android Studio1\jre\bin\jimage.dll
0x00007ffc6ed30000 - 0x00007ffc6ed48000 	C:\Program Files\Android\Android Studio1\jre\bin\zip.dll
0x00007ffc7acc0000 - 0x00007ffc7b478000 	C:\WINDOWS\System32\SHELL32.dll
0x00007ffc782f0000 - 0x00007ffc78b58000 	C:\WINDOWS\SYSTEM32\windows.storage.dll
0x00007ffc7b690000 - 0x00007ffc7ba09000 	C:\WINDOWS\System32\combase.dll
0x00007ffc77f50000 - 0x00007ffc780b6000 	C:\WINDOWS\SYSTEM32\wintypes.dll
0x00007ffc7b4e0000 - 0x00007ffc7b5ca000 	C:\WINDOWS\System32\SHCORE.dll
0x00007ffc7b480000 - 0x00007ffc7b4dd000 	C:\WINDOWS\System32\shlwapi.dll
0x00007ffc7a1b0000 - 0x00007ffc7a1d1000 	C:\WINDOWS\SYSTEM32\profapi.dll
0x00007ffc6ed10000 - 0x00007ffc6ed2a000 	C:\Program Files\Android\Android Studio1\jre\bin\net.dll
0x00007ffc74d10000 - 0x00007ffc74e1c000 	C:\WINDOWS\SYSTEM32\WINHTTP.dll
0x00007ffc798a0000 - 0x00007ffc79907000 	C:\WINDOWS\system32\mswsock.dll
0x00007ffc6ece0000 - 0x00007ffc6ecf4000 	C:\Program Files\Android\Android Studio1\jre\bin\nio.dll
0x00007ffc43ba0000 - 0x00007ffc43bc7000 	C:\Users\User\.gradle\native\e1d6ef7f7dcc3fd88c89a11ec53ec762bb8ba0a96d01ffa2cd45eb1d1d8dd5c5\windows-amd64\native-platform.dll
0x00007ffc221d0000 - 0x00007ffc22314000 	C:\Users\User\.gradle\native\5664cfc778a61ccfe75a443a1ab52a65af34e5dc3c78e0209fed803814484fcb\windows-amd64\native-platform-file-events.dll
0x00007ffc75300000 - 0x00007ffc7530a000 	C:\Program Files\Android\Android Studio1\jre\bin\management.dll
0x00007ffc6f900000 - 0x00007ffc6f90d000 	C:\Program Files\Android\Android Studio1\jre\bin\management_ext.dll
0x00007ffc79af0000 - 0x00007ffc79b08000 	C:\WINDOWS\SYSTEM32\CRYPTSP.dll
0x00007ffc793d0000 - 0x00007ffc79405000 	C:\WINDOWS\system32\rsaenh.dll
0x00007ffc79990000 - 0x00007ffc799b9000 	C:\WINDOWS\SYSTEM32\USERENV.dll
0x00007ffc79c60000 - 0x00007ffc79c87000 	C:\WINDOWS\SYSTEM32\bcrypt.dll
0x00007ffc79ae0000 - 0x00007ffc79aec000 	C:\WINDOWS\SYSTEM32\CRYPTBASE.dll
0x00007ffc78fa0000 - 0x00007ffc78fcd000 	C:\WINDOWS\SYSTEM32\IPHLPAPI.DLL
0x00007ffc7be10000 - 0x00007ffc7be19000 	C:\WINDOWS\System32\NSI.dll
0x00007ffc74ba0000 - 0x00007ffc74bb9000 	C:\WINDOWS\SYSTEM32\dhcpcsvc6.DLL
0x00007ffc758e0000 - 0x00007ffc758fe000 	C:\WINDOWS\SYSTEM32\dhcpcsvc.DLL
0x00007ffc78fd0000 - 0x00007ffc790b8000 	C:\WINDOWS\SYSTEM32\DNSAPI.dll

dbghelp: loaded successfully - version: 4.0.5 - missing functions: none
symbol engine: initialized successfully - sym options: 0x614 - pdb path: .;C:\Program Files\Android\Android Studio1\jre\bin;C:\WINDOWS\SYSTEM32;C:\WINDOWS\WinSxS\amd64_microsoft.windows.common-controls_6595b64144ccf1df_6.0.22000.120_none_9d947278b86cc467;C:\Program Files\Android\Android Studio1\jre\bin\server;C:\Users\User\.gradle\native\e1d6ef7f7dcc3fd88c89a11ec53ec762bb8ba0a96d01ffa2cd45eb1d1d8dd5c5\windows-amd64;C:\Users\User\.gradle\native\5664cfc778a61ccfe75a443a1ab52a65af34e5dc3c78e0209fed803814484fcb\windows-amd64

VM Arguments:
jvm_args: --add-opens=java.base/java.util=ALL-UNNAMED --add-opens=java.base/java.lang=ALL-UNNAMED --add-opens=java.base/java.lang.invoke=ALL-UNNAMED --add-opens=java.base/java.util=ALL-UNNAMED --add-opens=java.prefs/java.util.prefs=ALL-UNNAMED --add-opens=java.prefs/java.util.prefs=ALL-UNNAMED --add-opens=java.base/java.nio.charset=ALL-UNNAMED --add-opens=java.base/java.net=ALL-UNNAMED --add-opens=java.base/java.util.concurrent.atomic=ALL-UNNAMED -Xmx2048m -Dfile.encoding=UTF-8 -Duser.country=SG -Duser.language=en -Duser.variant 
java_command: org.gradle.launcher.daemon.bootstrap.GradleDaemon 7.2
java_class_path (initial): C:\Users\User\.gradle\wrapper\dists\gradle-7.2-bin\2dnblmf4td7x66yl1d74lt32g\gradle-7.2\lib\gradle-launcher-7.2.jar
Launcher Type: SUN_STANDARD

[Global flags]
     intx CICompilerCount                          = 4                                         {product} {ergonomic}
     uint ConcGCThreads                            = 2                                         {product} {ergonomic}
     uint G1ConcRefinementThreads                  = 8                                         {product} {ergonomic}
   size_t G1HeapRegionSize                         = 1048576                                   {product} {ergonomic}
    uintx GCDrainStackTargetSize                   = 64                                        {product} {ergonomic}
   size_t InitialHeapSize                          = 201326592                                 {product} {ergonomic}
   size_t MarkStackSize                            = 4194304                                   {product} {ergonomic}
   size_t MaxHeapSize                              = 2147483648                                {product} {command line}
   size_t MaxNewSize                               = 1287651328                                {product} {ergonomic}
   size_t MinHeapDeltaBytes                        = 1048576                                   {product} {ergonomic}
    uintx NonNMethodCodeHeapSize                   = 5836300                                {pd product} {ergonomic}
    uintx NonProfiledCodeHeapSize                  = 122910970                              {pd product} {ergonomic}
    uintx ProfiledCodeHeapSize                     = 122910970                              {pd product} {ergonomic}
    uintx ReservedCodeCacheSize                    = 251658240                              {pd product} {ergonomic}
     bool SegmentedCodeCache                       = true                                      {product} {ergonomic}
     bool UseCompressedClassPointers               = true                                 {lp64_product} {ergonomic}
     bool UseCompressedOops                        = true                                 {lp64_product} {ergonomic}
     bool UseG1GC                                  = true                                      {product} {ergonomic}
     bool UseLargePagesIndividualAllocation        = false                                  {pd product} {ergonomic}

Logging:
Log output configuration:
 #0: stdout all=warning uptime,level,tags
 #1: stderr all=off uptime,level,tags

Environment Variables:
PATH=C:\oraclexe\app\oracle\product\10.2.0\server\bin;C:\Program Files\Common Files\Oracle\Java\javapath;C:\Program Files (x86)\Intel\iCLS Client\;C:\Program Files\Intel\iCLS Client\;C:\Windows\system32;C:\Windows;C:\Windows\System32\Wbem;C:\Windows\System32\WindowsPowerShell\v1.0\;C:\Windows\System32\OpenSSH\;C:\Program Files (x86)\Intel\Intel(R) Management Engine Components\DAL;C:\Program Files\Intel\Intel(R) Management Engine Components\DAL;C:\Program Files (x86)\Intel\Intel(R) Management Engine Components\IPT;C:\Program Files\Intel\Intel(R) Management Engine Components\IPT;C:\Program Files (x86)\NVIDIA Corporation\PhysX\Common;C:\Program Files\Intel\WiFi\bin\;C:\Program Files\Common Files\Intel\WirelessCommon\;C:\Program Files (x86)\Common Files\Acronis\VirtualFile\;C:\Program Files (x86)\Common Files\Acronis\VirtualFile64\;C:\Program Files (x86)\Common Files\Acronis\SnapAPI\;C:\Program Files (x86)\CodeBlocks\MinGW\bin;C:\WINDOWS\system32;C:\WINDOWS;C:\WINDOWS\System32\Wbem;C:\WINDOWS\System32\WindowsPowerShell\v1.0\;C:\WINDOWS\System32\OpenSSH\;C:\Program Files\Java\jdk-16\bin;C:\msys64\mingw64\bin;C:\Program Files\Git\cmd;C:\Program Files\Microsoft\Web Platform Installer\;C:\Program Files (x86)\Microsoft ASP.NET\ASP.NET Web Pages\v1.0\;C:\Program Files (x86)\Windows Kits\8.0\Windows Performance Toolkit\;C:\Program Files\Microsoft SQL Server\110\Tools\Binn\;C:\Program Files\Microsoft SQL Server\150\Tools\Binn\;C:\Program Files\Microsoft SQL Server\Client SDK\ODBC\170\Tools\Binn\;C:\Program Files\dotnet\;C:\Users\User\AppData\Local\Programs\Python\Python37-32\Scripts\;C:\Users\User\AppData\Local\Programs\Python\Python37-32\;C:\Users\User\AppData\Local\Microsoft\WindowsApps;C:\Users\User\AppData\Local\Programs\Microsoft VS Code\bin;C:\Users\User\AppData\Local\atom\bin;C:\Users\User\AppData\Local\Microsoft\WindowsApps;C:\Program Files\CodeBlocks\MinGW\bin;C:\Users\User\.dotnet\tools
USERNAME=User
OS=Windows_NT
PROCESSOR_IDENTIFIER=Intel64 Family 6 Model 142 Stepping 10, GenuineIntel



---------------  S Y S T E M  ---------------

OS: Windows 10 , 64 bit Build 22000 (10.0.22000.708)
OS uptime: 10 days 9:22 hours

CPU:total 8 (initial active 8) (4 cores per cpu, 2 threads per core) family 6 model 142 stepping 10 microcode 0xe0, cmov, cx8, fxsr, mmx, sse, sse2, sse3, ssse3, sse4.1, sse4.2, popcnt, avx, avx2, aes, clmul, erms, 3dnowpref, lzcnt, ht, tsc, tscinvbit, bmi1, bmi2, adx, fma

Memory: 4k page, system-wide physical 12166M (1395M free)
TotalPageFile size 22122M (AvailPageFile size 5M)
current process WorkingSet (physical memory assigned to process): 223M, peak: 223M
current process commit charge ("private bytes"): 341M, peak: 341M

vm_info: OpenJDK 64-Bit Server VM (11.0.11+9-b60-7590822) for windows-amd64 JRE (11.0.11+9-b60-7590822), built on Jul 29 2021 21:43:44 by "builder" with MS VC++ 14.0 (VS2015)

END.
